Using pre-set license
Built from '2022.2/release' branch; Version is '2022.2.2f1 (c93c5d3acf5b) revision 13188189'; Using compiler version '192829333'; Build Type 'Release'
OS: 'Windows 10  (10.0.19045) 64bit Professional' Language: 'zh' Physical Memory: 65261 MB
BatchMode: 1, IsHumanControllingUs: 0, StartBugReporterOnCrash: 0, Is64bit: 1, IsPro: 1

COMMAND LINE ARGUMENTS:
C:\Program Files\Unity\Hub\Editor\2022.2.2f1\Editor\Unity.exe
-adb2
-batchMode
-noUpm
-name
AssetImportWorker0
-projectPath
C:/Dev/Study/UnityVolumeRendering
-logFile
Logs/AssetImportWorker0.log
-srvPort
61797
Successfully changed project path to: C:/Dev/Study/UnityVolumeRendering
C:/Dev/Study/UnityVolumeRendering
[UnityMemory] Configuration Parameters - Can be set up in boot.config
    "memorysetup-bucket-allocator-granularity=16"
    "memorysetup-bucket-allocator-bucket-count=8"
    "memorysetup-bucket-allocator-block-size=33554432"
    "memorysetup-bucket-allocator-block-count=8"
    "memorysetup-main-allocator-block-size=16777216"
    "memorysetup-thread-allocator-block-size=16777216"
    "memorysetup-gfx-main-allocator-block-size=16777216"
    "memorysetup-gfx-thread-allocator-block-size=16777216"
    "memorysetup-cache-allocator-block-size=4194304"
    "memorysetup-typetree-allocator-block-size=2097152"
    "memorysetup-profiler-bucket-allocator-granularity=16"
    "memorysetup-profiler-bucket-allocator-bucket-count=8"
    "memorysetup-profiler-bucket-allocator-block-size=33554432"
    "memorysetup-profiler-bucket-allocator-block-count=8"
    "memorysetup-profiler-allocator-block-size=16777216"
    "memorysetup-profiler-editor-allocator-block-size=1048576"
    "memorysetup-temp-allocator-size-main=16777216"
    "memorysetup-job-temp-allocator-block-size=2097152"
    "memorysetup-job-temp-allocator-block-size-background=1048576"
    "memorysetup-job-temp-allocator-reduction-small-platforms=262144"
    "memorysetup-temp-allocator-size-background-worker=32768"
    "memorysetup-temp-allocator-size-job-worker=262144"
    "memorysetup-temp-allocator-size-preload-manager=33554432"
    "memorysetup-temp-allocator-size-nav-mesh-worker=65536"
    "memorysetup-temp-allocator-size-audio-worker=65536"
    "memorysetup-temp-allocator-size-cloud-worker=32768"
    "memorysetup-temp-allocator-size-gi-baking-worker=262144"
    "memorysetup-temp-allocator-size-gfx=262144"
Player connection [27800] Host "[IP] 10.67.146.20 [Port] 0 [Flags] 2 [Guid] 532759761 [EditorId] 532759761 [Version] 1048832 [Id] WindowsEditor(7,2C4ZSK3-HDL) [Debug] 1 [PackageName] WindowsEditor [ProjectName] Editor" joined multi-casting on [225.0.0.222:54997]...

Player connection [27800] Host "[IP] 10.67.146.20 [Port] 0 [Flags] 2 [Guid] 532759761 [EditorId] 532759761 [Version] 1048832 [Id] WindowsEditor(7,2C4ZSK3-HDL) [Debug] 1 [PackageName] WindowsEditor [ProjectName] Editor" joined alternative multi-casting on [225.0.0.222:34997]...

Refreshing native plugins compatible for Editor in 1.42 ms, found 0 plugins.
Preloading 0 native plugins for Editor in 0.00 ms.
Initialize engine version: 2022.2.2f1 (c93c5d3acf5b)
[Subsystems] Discovering subsystems at path C:/Program Files/Unity/Hub/Editor/2022.2.2f1/Editor/Data/Resources/UnitySubsystems
[Subsystems] Discovering subsystems at path C:/Dev/Study/UnityVolumeRendering/Assets
GfxDevice: creating device client; threaded=0; jobified=0
Direct3D:
    Version:  Direct3D 11.0 [level 11.1]
    Renderer: NVIDIA GeForce RTX 3070 (ID=0x2488)
    Vendor:   NVIDIA
    VRAM:     8031 MB
    Driver:   31.0.15.3114
Initialize mono
Mono path[0] = 'C:/Program Files/Unity/Hub/Editor/2022.2.2f1/Editor/Data/Managed'
Mono path[1] = 'C:/Program Files/Unity/Hub/Editor/2022.2.2f1/Editor/Data/MonoBleedingEdge/lib/mono/unityjit-win32'
Mono config path = 'C:/Program Files/Unity/Hub/Editor/2022.2.2f1/Editor/Data/MonoBleedingEdge/etc'
Using monoOptions --debugger-agent=transport=dt_socket,embedding=1,server=y,suspend=n,address=127.0.0.1:56180
Begin MonoManager ReloadAssembly
Registering precompiled unity dll's ...
Register platform support module: C:/Program Files/Unity/Hub/Editor/2022.2.2f1/Editor/Data/PlaybackEngines/AndroidPlayer/UnityEditor.Android.Extensions.dll
Register platform support module: C:/Program Files/Unity/Hub/Editor/2022.2.2f1/Editor/Data/PlaybackEngines/WindowsStandaloneSupport/UnityEditor.WindowsStandalone.Extensions.dll
Registered in 0.022504 seconds.
- Loaded All Assemblies, in  0.355 seconds
Native extension for WindowsStandalone target not found
Native extension for Android target not found
Multiple ADB server instances found, the following ADB server instance have been terminated due to being run from another SDK. Process paths: 
D:\androidsdk\platform-tools\adb.exe
UnityEngine.StackTraceUtility:ExtractStackTrace ()
UnityEngine.DebugLogHandler:LogFormat (UnityEngine.LogType,UnityEngine.Object,string,object[])
UnityEngine.Logger:Log (UnityEngine.LogType,object)
UnityEngine.Debug:Log (object)
UnityEditor.Android.AndroidDeploymentTargetsExtension:GetKnownTargets (UnityEditor.DeploymentTargets.IDeploymentTargetsMainThreadContext,UnityEditor.ProgressHandler)
UnityEditor.Android.TargetScanWorker:ScanSync ()
UnityEditor.Android.TargetExtension:OnUsbDevicesChanged (UnityEditor.Hardware.UsbDevice[])
UnityEditor.Android.TargetExtension:OnLoad ()
UnityEditor.Modules.ModuleManager:InitializePlatformSupportModules ()

Android Extension - Scanning For ADB Devices 2250 ms
Mono: successfully reloaded assembly
- Finished resetting the current domain, in  2.477 seconds
Domain Reload Profiling:
	ReloadAssembly (217ms)
		BeginReloadAssembly (98ms)
			ExecutionOrderSort (0ms)
			DisableScriptedObjects (0ms)
			BackupInstance (0ms)
			ReleaseScriptingObjects (0ms)
			CreateAndSetChildDomain (1ms)
		LoadAllAssembliesAndSetupDomain (0ms)
			LoadAssemblies (93ms)
			RebuildTransferFunctionScriptingTraits (0ms)
			SetupTypeCache (118ms)
				TypeCache.Initialize (117ms)
					TypeCache.ScanAssembly (115ms)
				ResolveRequiredComponents (1ms)
		FinalizeReload (0ms)
			ReleaseScriptCaches (0ms)
			RebuildScriptCaches (0ms)
			SetupLoadedEditorAssemblies (2430ms)
				LogAssemblyErrors (0ms)
				InitializePlatformSupportModulesInManaged (2321ms)
				SetLoadedEditorAssemblies (4ms)
				RefreshPlugins (0ms)
				BeforeProcessingInitializeOnLoad (1ms)
				ProcessInitializeOnLoadAttributes (72ms)
				ProcessInitializeOnLoadMethodAttributes (33ms)
				AfterProcessingInitializeOnLoad (0ms)
				EditorAssembliesLoaded (0ms)
			ExecutionOrderSort2 (0ms)
			AwakeInstancesAfterBackupRestoration (0ms)
========================================================================
Worker process is ready to serve import requests
Begin MonoManager ReloadAssembly
- Loaded All Assemblies, in  0.328 seconds
Refreshing native plugins compatible for Editor in 0.68 ms, found 0 plugins.
Native extension for WindowsStandalone target not found
Native extension for Android target not found
Mono: successfully reloaded assembly
- Finished resetting the current domain, in  0.285 seconds
Domain Reload Profiling:
	ReloadAssembly (188ms)
		BeginReloadAssembly (109ms)
			ExecutionOrderSort (0ms)
			DisableScriptedObjects (4ms)
			BackupInstance (0ms)
			ReleaseScriptingObjects (0ms)
			CreateAndSetChildDomain (17ms)
		LoadAllAssembliesAndSetupDomain (136ms)
			LoadAssemblies (69ms)
			RebuildTransferFunctionScriptingTraits (0ms)
			SetupTypeCache (118ms)
				TypeCache.Initialize (107ms)
					TypeCache.ScanAssembly (105ms)
				ResolveRequiredComponents (0ms)
		FinalizeReload (0ms)
			ReleaseScriptCaches (0ms)
			RebuildScriptCaches (0ms)
			SetupLoadedEditorAssemblies (193ms)
				LogAssemblyErrors (0ms)
				InitializePlatformSupportModulesInManaged (19ms)
				SetLoadedEditorAssemblies (3ms)
				RefreshPlugins (0ms)
				BeforeProcessingInitializeOnLoad (51ms)
				ProcessInitializeOnLoadAttributes (91ms)
				ProcessInitializeOnLoadMethodAttributes (14ms)
				AfterProcessingInitializeOnLoad (14ms)
				EditorAssembliesLoaded (0ms)
			ExecutionOrderSort2 (0ms)
			AwakeInstancesAfterBackupRestoration (5ms)
Launched and connected shader compiler UnityShaderCompiler.exe after 0.04 seconds
Refreshing native plugins compatible for Editor in 0.80 ms, found 0 plugins.
Preloading 0 native plugins for Editor in 0.00 ms.
Unloading 498 Unused Serialized files (Serialized files now loaded: 0)
Unloading 11 unused Assets / (134.1 KB). Loaded Objects now: 975.
Memory consumption went from 113.3 MB to 113.2 MB.
Total: 1.981600 ms (FindLiveObjects: 0.079200 ms CreateObjectMapping: 0.018600 ms MarkObjects: 1.806600 ms  DeleteObjects: 0.076500 ms)

AssetImportParameters requested are different than current active one (requested -> active):
  custom:video-encoder-webm-vp8: eb34c28f22e8b96e1ab97ce403110664 -> 
  custom:video-decoder-webm-vp8: 9c59270c3fd7afecdb556c50c9e8de78 -> 
  custom:audio-decoder-ogg-vorbis: bf7c407c2cedff20999df2af8eb42d56 -> 
  custom:video-decoder-ogg-theora: a1e56fd34408186e4bbccfd4996cb3dc -> 
  custom:audio-encoder-webm-vorbis: bf7c407c2cedff20999df2af8eb42d56 -> 
  custom:container-demuxer-ogg: 62fdf1f143b41e24485cea50d1cbac27 -> 
  custom:AudioImporter_EditorPlatform: d09bf68614088b80899f8185d706f6e7 -> 
  custom:framework-win-MediaFoundation: 216162199b28c13a410421893ffa2e32 -> 
  custom:container-demuxer-webm: 4f35f7cbe854078d1ac9338744f61a02 -> 
  custom:container-muxer-webm: aa71ff27fc2769a1b78a27578f13a17b -> 
========================================================================
Received Import Request.
  Time since last request: 19917.539667 seconds.
  path: Assets/Scripts/VolumeObject/VolumeRenderedObject.cs
  artifactKey: Guid(acf4a5cf6519d714895a068f9a4e8456) Importer(815301076,1909f56bfc062723c751e8b465ee728b)
Number of updated assets reloaded before import = 0
Start importing Assets/Scripts/VolumeObject/VolumeRenderedObject.cs using Guid(acf4a5cf6519d714895a068f9a4e8456) Importer(815301076,1909f56bfc062723c751e8b465ee728b)  -> (artifact id: 'b6c09f920028d3a01f5500134903924a') in 0.026266 seconds 
Number of asset objects unloaded after import = 0
========================================================================
Received Import Request.
  Time since last request: 211.743817 seconds.
  path: Assets/3rdparty/openDicom/Image
  artifactKey: Guid(bcb6e3bd2bbc6db4892002aa6c683c19) Importer(815301076,1909f56bfc062723c751e8b465ee728b)
Number of updated assets reloaded before import = 0
Start importing Assets/3rdparty/openDicom/Image using Guid(bcb6e3bd2bbc6db4892002aa6c683c19) Importer(815301076,1909f56bfc062723c751e8b465ee728b)  -> (artifact id: '52dd4cd1f802f21dab98da0b77e10801') in 0.003708 seconds 
Number of asset objects unloaded after import = 0
========================================================================
Received Import Request.
  Time since last request: 3.248263 seconds.
  path: Assets/3rdparty/openDicom/File
  artifactKey: Guid(a6448eaff9154fb48a69b0f4a2501749) Importer(815301076,1909f56bfc062723c751e8b465ee728b)
Number of updated assets reloaded before import = 0
Start importing Assets/3rdparty/openDicom/File using Guid(a6448eaff9154fb48a69b0f4a2501749) Importer(815301076,1909f56bfc062723c751e8b465ee728b)  -> (artifact id: 'c6a584b3d7f4a7fe4640f0f891c84f63') in 0.003138 seconds 
Number of asset objects unloaded after import = 0
========================================================================
Received Import Request.
  Time since last request: 9.265493 seconds.
  path: Assets/3rdparty/openDicom/DataStructure
  artifactKey: Guid(237b81a4c1febb947b5eb0a58ebce936) Importer(815301076,1909f56bfc062723c751e8b465ee728b)
Number of updated assets reloaded before import = 0
Start importing Assets/3rdparty/openDicom/DataStructure using Guid(237b81a4c1febb947b5eb0a58ebce936) Importer(815301076,1909f56bfc062723c751e8b465ee728b)  -> (artifact id: '5259470948d8aa9fb8ee6e7fe2caa94a') in 0.003858 seconds 
Number of asset objects unloaded after import = 0
========================================================================
Received Import Request.
  Time since last request: 420.674238 seconds.
  path: Assets/Scripts/VolumeData/VolumeDataset.cs
  artifactKey: Guid(6c292ee2920c4d64989a78d4ed9abb7e) Importer(815301076,1909f56bfc062723c751e8b465ee728b)
Number of updated assets reloaded before import = 0
Start importing Assets/Scripts/VolumeData/VolumeDataset.cs using Guid(6c292ee2920c4d64989a78d4ed9abb7e) Importer(815301076,1909f56bfc062723c751e8b465ee728b)  -> (artifact id: '90e0d581d39233a97de83ea94673d674') in 0.003149 seconds 
Number of asset objects unloaded after import = 0
========================================================================
Received Import Request.
  Time since last request: 14.805063 seconds.
  path: Assets/csc.rsp
  artifactKey: Guid(16d87df642127d890832127114b56bc9) Importer(2089858483,0ecaa5967403d082aa24f35e1b516d23)
Number of updated assets reloaded before import = 0
Start importing Assets/csc.rsp using Guid(16d87df642127d890832127114b56bc9) Importer(2089858483,0ecaa5967403d082aa24f35e1b516d23) Generated GUIDs only implemented for interfaces!
 -> (artifact id: '5ac6dcde9b6ab57c5a293fb0eb27956f') in 0.082221 seconds 
Number of asset objects unloaded after import = 1
========================================================================
Received Import Request.
  Time since last request: 0.000013 seconds.
  path: Assets/Resources/Icons/MoveIcon.png
  artifactKey: Guid(1ec84f0e240195fd599cc275c1e0c7fc) Importer(2089858483,0ecaa5967403d082aa24f35e1b516d23)
Number of updated assets reloaded before import = 0
Start importing Assets/Resources/Icons/MoveIcon.png using Guid(1ec84f0e240195fd599cc275c1e0c7fc) Importer(2089858483,0ecaa5967403d082aa24f35e1b516d23) Generated GUIDs only implemented for interfaces!
 -> (artifact id: 'ffc0e2ce4929442ee096d062a16a3744') in 0.098622 seconds 
Number of asset objects unloaded after import = 1
========================================================================
Received Import Request.
  Time since last request: 0.000017 seconds.
  path: Assets/3rdparty/openDicom/license
  artifactKey: Guid(35273e9e1c8309c4a98ac1ddaad26535) Importer(2089858483,0ecaa5967403d082aa24f35e1b516d23)
Number of updated assets reloaded before import = 0
Start importing Assets/3rdparty/openDicom/license using Guid(35273e9e1c8309c4a98ac1ddaad26535) Importer(2089858483,0ecaa5967403d082aa24f35e1b516d23) Generated GUIDs only implemented for interfaces!
 -> (artifact id: '7347423288afea198c191fa934bb3e3d') in 0.006100 seconds 
Number of asset objects unloaded after import = 1
========================================================================
Received Import Request.
  Time since last request: 0.000018 seconds.
  path: Assets/Scripts/VolumeObject/CutoutSphere.cs
  artifactKey: Guid(d686f5489a412ac458b176838656696a) Importer(2089858483,0ecaa5967403d082aa24f35e1b516d23)
Number of updated assets reloaded before import = 0
Start importing Assets/Scripts/VolumeObject/CutoutSphere.cs using Guid(d686f5489a412ac458b176838656696a) Importer(2089858483,0ecaa5967403d082aa24f35e1b516d23) Generated GUIDs only implemented for interfaces!
 -> (artifact id: '00eb772e66c8c329f595f8dc90b3a4e8') in 0.007385 seconds 
Number of asset objects unloaded after import = 0
========================================================================
Received Import Request.
  Time since last request: 0.000013 seconds.
  path: Assets/Scripts/VolumeObject/SlicingPlane.cs
  artifactKey: Guid(b390ddcd0262e354e90a0e15e43abf50) Importer(2089858483,0ecaa5967403d082aa24f35e1b516d23)
Number of updated assets reloaded before import = 0
Start importing Assets/Scripts/VolumeObject/SlicingPlane.cs using Guid(b390ddcd0262e354e90a0e15e43abf50) Importer(2089858483,0ecaa5967403d082aa24f35e1b516d23) Generated GUIDs only implemented for interfaces!
 -> (artifact id: 'e87db71c5025afff728e3bb7432033bc') in 0.007409 seconds 
Number of asset objects unloaded after import = 0
========================================================================
Received Import Request.
  Time since last request: 0.000012 seconds.
  path: Assets/Shaders/TransferFunction2DShader.shader
  artifactKey: Guid(b0b396ea7426c8b4385f14d5e5a951ed) Importer(2089858483,0ecaa5967403d082aa24f35e1b516d23)
Number of updated assets reloaded before import = 0
Start importing Assets/Shaders/TransferFunction2DShader.shader using Guid(b0b396ea7426c8b4385f14d5e5a951ed) Importer(2089858483,0ecaa5967403d082aa24f35e1b516d23) Generated GUIDs only implemented for interfaces!
 -> (artifact id: '8a7ca347e8b2c9f852b29f2a23b91038') in 0.014017 seconds 
Number of asset objects unloaded after import = 1
========================================================================
Received Import Request.
  Time since last request: 0.000012 seconds.
  path: Assets/Resources/TransferFunction2DGUIMat.mat
  artifactKey: Guid(8e2e3b3a79d4e694884ec812f30a3787) Importer(2089858483,0ecaa5967403d082aa24f35e1b516d23)
Number of updated assets reloaded before import = 0
Start importing Assets/Resources/TransferFunction2DGUIMat.mat using Guid(8e2e3b3a79d4e694884ec812f30a3787) Importer(2089858483,0ecaa5967403d082aa24f35e1b516d23) Generated GUIDs only implemented for interfaces!
 -> (artifact id: 'bd8abd13183e0b995e5c48cc682f75a1') in 0.020333 seconds 
Number of asset objects unloaded after import = 1
========================================================================
Received Import Request.
  Time since last request: 0.000013 seconds.
  path: Assets/3rdparty/openDicom/Encoding/DA.cs
  artifactKey: Guid(b6be3adca2854fb49b97ec71b3ffb075) Importer(2089858483,0ecaa5967403d082aa24f35e1b516d23)
Number of updated assets reloaded before import = 0
Start importing Assets/3rdparty/openDicom/Encoding/DA.cs using Guid(b6be3adca2854fb49b97ec71b3ffb075) Importer(2089858483,0ecaa5967403d082aa24f35e1b516d23) Generated GUIDs only implemented for interfaces!
 -> (artifact id: 'ea508122d96cb2195e882806e4cd2f4d') in 0.007339 seconds 
Number of asset objects unloaded after import = 0
========================================================================
Received Import Request.
  Time since last request: 0.000012 seconds.
  path: Assets/Shaders/CrossSectionPlane.shader
  artifactKey: Guid(be13da9a7b1929348b18627a539ef497) Importer(2089858483,0ecaa5967403d082aa24f35e1b516d23)
Number of updated assets reloaded before import = 0
Start importing Assets/Shaders/CrossSectionPlane.shader using Guid(be13da9a7b1929348b18627a539ef497) Importer(2089858483,0ecaa5967403d082aa24f35e1b516d23) Generated GUIDs only implemented for interfaces!
 -> (artifact id: 'cadae617f7976225be4aab95917df0d9') in 0.008309 seconds 
Number of asset objects unloaded after import = 1
========================================================================
Received Import Request.
  Time since last request: 0.000012 seconds.
  path: Assets/Editor/EditorProgressView.cs
  artifactKey: Guid(c54cc094b48fb811a99332eb3e0067c0) Importer(2089858483,0ecaa5967403d082aa24f35e1b516d23)
Number of updated assets reloaded before import = 0
Start importing Assets/Editor/EditorProgressView.cs using Guid(c54cc094b48fb811a99332eb3e0067c0) Importer(2089858483,0ecaa5967403d082aa24f35e1b516d23) Generated GUIDs only implemented for interfaces!
 -> (artifact id: '86ad6563f0f8813a1bd52376df31cf84') in 0.007332 seconds 
Number of asset objects unloaded after import = 0
========================================================================
Received Import Request.
  Time since last request: 0.000015 seconds.
  path: Assets/3rdparty/openDicom/Encoding/AT.cs
  artifactKey: Guid(a31de1f04c1b7a744b5bac48ec96ff23) Importer(2089858483,0ecaa5967403d082aa24f35e1b516d23)
Number of updated assets reloaded before import = 0
Start importing Assets/3rdparty/openDicom/Encoding/AT.cs using Guid(a31de1f04c1b7a744b5bac48ec96ff23) Importer(2089858483,0ecaa5967403d082aa24f35e1b516d23) Generated GUIDs only implemented for interfaces!
 -> (artifact id: '8569d800955c46370c8520be1b0cea77') in 0.007229 seconds 
Number of asset objects unloaded after import = 0
========================================================================
Received Import Request.
  Time since last request: 0.000011 seconds.
  path: Assets/3rdparty/Nifti.NET/Nifti.cs
  artifactKey: Guid(0eb8290c40f298e8bbbecd84630f7215) Importer(2089858483,0ecaa5967403d082aa24f35e1b516d23)
Number of updated assets reloaded before import = 0
Start importing Assets/3rdparty/Nifti.NET/Nifti.cs using Guid(0eb8290c40f298e8bbbecd84630f7215) Importer(2089858483,0ecaa5967403d082aa24f35e1b516d23) Generated GUIDs only implemented for interfaces!
 -> (artifact id: '9bfd3278b577cb78470516e5006641fb') in 0.007244 seconds 
Number of asset objects unloaded after import = 0
========================================================================
Received Import Request.
  Time since last request: 0.000013 seconds.
  path: Assets/Scripts/TransferFunction/TransferFunction.cs
  artifactKey: Guid(33f90861ddebbc14486139d1bbdf1c77) Importer(2089858483,0ecaa5967403d082aa24f35e1b516d23)
Number of updated assets reloaded before import = 0
Start importing Assets/Scripts/TransferFunction/TransferFunction.cs using Guid(33f90861ddebbc14486139d1bbdf1c77) Importer(2089858483,0ecaa5967403d082aa24f35e1b516d23) Generated GUIDs only implemented for interfaces!
 -> (artifact id: '549acd990e49cf3883a383d8f7aed970') in 0.008317 seconds 
Number of asset objects unloaded after import = 0
========================================================================
Received Import Request.
  Time since last request: 0.000014 seconds.
  path: Assets/Scripts/VolumeObject/CrossSectionManager.cs
  artifactKey: Guid(c065f1884402af707a0e8d778d50d29e) Importer(2089858483,0ecaa5967403d082aa24f35e1b516d23)
Number of updated assets reloaded before import = 0
Start importing Assets/Scripts/VolumeObject/CrossSectionManager.cs using Guid(c065f1884402af707a0e8d778d50d29e) Importer(2089858483,0ecaa5967403d082aa24f35e1b516d23) Generated GUIDs only implemented for interfaces!
 -> (artifact id: '1e980d13cab779bec5296dbd67a2c62d') in 0.008115 seconds 
Number of asset objects unloaded after import = 0
========================================================================
Received Import Request.
  Time since last request: 0.000015 seconds.
  path: Assets/3rdparty/Nifti.NET/NiftiFile.cs
  artifactKey: Guid(97cbeb505c24882cc98e6ad6ed30e630) Importer(2089858483,0ecaa5967403d082aa24f35e1b516d23)
Number of updated assets reloaded before import = 0
Start importing Assets/3rdparty/Nifti.NET/NiftiFile.cs using Guid(97cbeb505c24882cc98e6ad6ed30e630) Importer(2089858483,0ecaa5967403d082aa24f35e1b516d23) Generated GUIDs only implemented for interfaces!
 -> (artifact id: '746878fe3acf722228feb462f15edb16') in 0.006941 seconds 
Number of asset objects unloaded after import = 0
========================================================================
Received Import Request.
  Time since last request: 0.000011 seconds.
  path: Assets/Shaders/CrossSectionSphere.shader
  artifactKey: Guid(a83f9966afde03b46bdb8c6ca8ce1524) Importer(2089858483,0ecaa5967403d082aa24f35e1b516d23)
Number of updated assets reloaded before import = 0
Start importing Assets/Shaders/CrossSectionSphere.shader using Guid(a83f9966afde03b46bdb8c6ca8ce1524) Importer(2089858483,0ecaa5967403d082aa24f35e1b516d23) Generated GUIDs only implemented for interfaces!
 -> (artifact id: '1a3012c398bf5d1d741c8491f47434ee') in 0.009680 seconds 
Number of asset objects unloaded after import = 1
========================================================================
Received Import Request.
  Time since last request: 0.000011 seconds.
  path: Assets/Scripts/Importing/ImporterFactory.cs
  artifactKey: Guid(31dab3c456c78ea47bfe755467eaf615) Importer(2089858483,0ecaa5967403d082aa24f35e1b516d23)
Number of updated assets reloaded before import = 0
Start importing Assets/Scripts/Importing/ImporterFactory.cs using Guid(31dab3c456c78ea47bfe755467eaf615) Importer(2089858483,0ecaa5967403d082aa24f35e1b516d23) Generated GUIDs only implemented for interfaces!
 -> (artifact id: '13d846eb28d62105f11fbd12bdf4c94e') in 0.008423 seconds 
Number of asset objects unloaded after import = 0
========================================================================
Received Import Request.
  Time since last request: 0.000013 seconds.
  path: Assets/Scripts/TransferFunction/TFControlPoints.cs
  artifactKey: Guid(ad1f61bc396155b4ea8f39b0f437ce24) Importer(2089858483,0ecaa5967403d082aa24f35e1b516d23)
Number of updated assets reloaded before import = 0
Start importing Assets/Scripts/TransferFunction/TFControlPoints.cs using Guid(ad1f61bc396155b4ea8f39b0f437ce24) Importer(2089858483,0ecaa5967403d082aa24f35e1b516d23) Generated GUIDs only implemented for interfaces!
 -> (artifact id: 'f19f731b34c9827ada071261cc57f447') in 0.007228 seconds 
Number of asset objects unloaded after import = 0
========================================================================
Received Import Request.
  Time since last request: 0.000017 seconds.
  path: Assets/Scripts/VolumeQueries/VolumeRaycaster.cs
  artifactKey: Guid(f9e1d43b372b3cbb1b6e8fcd62935aaa) Importer(2089858483,0ecaa5967403d082aa24f35e1b516d23)
Number of updated assets reloaded before import = 0
Start importing Assets/Scripts/VolumeQueries/VolumeRaycaster.cs using Guid(f9e1d43b372b3cbb1b6e8fcd62935aaa) Importer(2089858483,0ecaa5967403d082aa24f35e1b516d23) Generated GUIDs only implemented for interfaces!
 -> (artifact id: 'fc389e9eefecb10da946f8e322c67ab6') in 0.008834 seconds 
Number of asset objects unloaded after import = 0
========================================================================
Received Import Request.
  Time since last request: 0.000011 seconds.
  path: Assets/Editor/TransferFunction2DEditorWindow.cs
  artifactKey: Guid(7c33fa0e57df66e49b98d2fd36e14e14) Importer(2089858483,0ecaa5967403d082aa24f35e1b516d23)
Number of updated assets reloaded before import = 0
Start importing Assets/Editor/TransferFunction2DEditorWindow.cs using Guid(7c33fa0e57df66e49b98d2fd36e14e14) Importer(2089858483,0ecaa5967403d082aa24f35e1b516d23) Generated GUIDs only implemented for interfaces!
 -> (artifact id: 'ed2841935a59e5f1c587a0ffb829c2f0') in 0.009859 seconds 
Number of asset objects unloaded after import = 0
========================================================================
Received Import Request.
  Time since last request: 0.000016 seconds.
  path: Assets/3rdparty/openDicom/Encoding/DS.cs
  artifactKey: Guid(c84a985684e55b74fae9416ca8ab8e62) Importer(2089858483,0ecaa5967403d082aa24f35e1b516d23)
Number of updated assets reloaded before import = 0
Start importing Assets/3rdparty/openDicom/Encoding/DS.cs using Guid(c84a985684e55b74fae9416ca8ab8e62) Importer(2089858483,0ecaa5967403d082aa24f35e1b516d23) Generated GUIDs only implemented for interfaces!
 -> (artifact id: '19d8f31ce53b742b8503983f74ac3f26') in 0.008981 seconds 
Number of asset objects unloaded after import = 0
========================================================================
Received Import Request.
  Time since last request: 0.000018 seconds.
  path: Assets/Editor/VolumeRenderedObjectCustomInspector.cs
  artifactKey: Guid(af5b051c5cf4f824c999ee444c9acff6) Importer(2089858483,0ecaa5967403d082aa24f35e1b516d23)
Number of updated assets reloaded before import = 0
Start importing Assets/Editor/VolumeRenderedObjectCustomInspector.cs using Guid(af5b051c5cf4f824c999ee444c9acff6) Importer(2089858483,0ecaa5967403d082aa24f35e1b516d23) Generated GUIDs only implemented for interfaces!
 -> (artifact id: '6dd2c5f0d3dcfd39788f0ddac1c1e6ad') in 0.010481 seconds 
Number of asset objects unloaded after import = 0
========================================================================
Received Import Request.
  Time since last request: 0.000015 seconds.
  path: Assets/Scripts/VolumeObject/RenderMode.cs
  artifactKey: Guid(bd1c234ee0e105046973293124d8566d) Importer(2089858483,0ecaa5967403d082aa24f35e1b516d23)
Number of updated assets reloaded before import = 0
Start importing Assets/Scripts/VolumeObject/RenderMode.cs using Guid(bd1c234ee0e105046973293124d8566d) Importer(2089858483,0ecaa5967403d082aa24f35e1b516d23) Generated GUIDs only implemented for interfaces!
 -> (artifact id: '96ecb50e7e7cdf8c8aa25a851bf5b3f1') in 0.008464 seconds 
Number of asset objects unloaded after import = 0
========================================================================
Received Import Request.
  Time since last request: 0.000015 seconds.
  path: Assets/Resources/TransferFunctionGUIMat.mat
  artifactKey: Guid(5c679c40287c6be4ea9d399b2550dc24) Importer(2089858483,0ecaa5967403d082aa24f35e1b516d23)
Number of updated assets reloaded before import = 0
Start importing Assets/Resources/TransferFunctionGUIMat.mat using Guid(5c679c40287c6be4ea9d399b2550dc24) Importer(2089858483,0ecaa5967403d082aa24f35e1b516d23) Generated GUIDs only implemented for interfaces!
 -> (artifact id: '96be0c503a1e9f939944eb4c6c2946d6') in 0.009565 seconds 
Number of asset objects unloaded after import = 1
========================================================================
Received Import Request.
  Time since last request: 0.000015 seconds.
  path: Assets/Scripts/VolumeObject/VolumeRenderedObject.cs
  artifactKey: Guid(acf4a5cf6519d714895a068f9a4e8456) Importer(2089858483,0ecaa5967403d082aa24f35e1b516d23)
Number of updated assets reloaded before import = 0
Start importing Assets/Scripts/VolumeObject/VolumeRenderedObject.cs using Guid(acf4a5cf6519d714895a068f9a4e8456) Importer(2089858483,0ecaa5967403d082aa24f35e1b516d23) Generated GUIDs only implemented for interfaces!
 -> (artifact id: 'ca012d16d0fcb9b3abbd278d95429e57') in 0.010153 seconds 
Number of asset objects unloaded after import = 0
========================================================================
Received Import Request.
  Time since last request: 0.000015 seconds.
  path: Assets/Scripts/VolumeObject/CutoutBox.cs
  artifactKey: Guid(7401967f0dd72374ea6df35ee454fb53) Importer(2089858483,0ecaa5967403d082aa24f35e1b516d23)
Number of updated assets reloaded before import = 0
Start importing Assets/Scripts/VolumeObject/CutoutBox.cs using Guid(7401967f0dd72374ea6df35ee454fb53) Importer(2089858483,0ecaa5967403d082aa24f35e1b516d23) Generated GUIDs only implemented for interfaces!
 -> (artifact id: '03112302a24277328b4ef1417bc42a88') in 0.010093 seconds 
Number of asset objects unloaded after import = 0
========================================================================
Received Import Request.
  Time since last request: 0.000020 seconds.
  path: Assets/3rdparty/openDicom/Encoding/CharacterRepertoire.cs
  artifactKey: Guid(38901137134a28a4b8748689c2861a96) Importer(2089858483,0ecaa5967403d082aa24f35e1b516d23)
Number of updated assets reloaded before import = 0
Start importing Assets/3rdparty/openDicom/Encoding/CharacterRepertoire.cs using Guid(38901137134a28a4b8748689c2861a96) Importer(2089858483,0ecaa5967403d082aa24f35e1b516d23) Generated GUIDs only implemented for interfaces!
 -> (artifact id: 'fda671dbf5eced2882a47f9f6f210865') in 0.007900 seconds 
Number of asset objects unloaded after import = 0
========================================================================
Received Import Request.
  Time since last request: 0.000014 seconds.
  path: Assets/Scripts/Utils/AsyncHelper.cs
  artifactKey: Guid(9b10981524ee50e4ca61f6bdf46bbaac) Importer(2089858483,0ecaa5967403d082aa24f35e1b516d23)
Number of updated assets reloaded before import = 0
Start importing Assets/Scripts/Utils/AsyncHelper.cs using Guid(9b10981524ee50e4ca61f6bdf46bbaac) Importer(2089858483,0ecaa5967403d082aa24f35e1b516d23) Generated GUIDs only implemented for interfaces!
 -> (artifact id: 'd740c13bc5fb8772d5436252213b7d82') in 0.008364 seconds 
Number of asset objects unloaded after import = 0
========================================================================
Received Import Request.
  Time since last request: 0.000013 seconds.
  path: Assets/3rdparty/openDicom/DicomException.cs
  artifactKey: Guid(21737d21369d8f145965eefc68b8558b) Importer(2089858483,0ecaa5967403d082aa24f35e1b516d23)
Number of updated assets reloaded before import = 0
Start importing Assets/3rdparty/openDicom/DicomException.cs using Guid(21737d21369d8f145965eefc68b8558b) Importer(2089858483,0ecaa5967403d082aa24f35e1b516d23) Generated GUIDs only implemented for interfaces!
 -> (artifact id: 'a0acd4695b1409a44a05952f834116a3') in 0.006728 seconds 
Number of asset objects unloaded after import = 0
========================================================================
Received Import Request.
  Time since last request: 0.000012 seconds.
  path: Assets/Editor/SliceRenderingEditorWindow.cs
  artifactKey: Guid(2e19a0c1e0a5b4549b24573fe37a93bc) Importer(2089858483,0ecaa5967403d082aa24f35e1b516d23)
Number of updated assets reloaded before import = 0
Start importing Assets/Editor/SliceRenderingEditorWindow.cs using Guid(2e19a0c1e0a5b4549b24573fe37a93bc) Importer(2089858483,0ecaa5967403d082aa24f35e1b516d23) Generated GUIDs only implemented for interfaces!
 -> (artifact id: 'c6ec0e431b0bf56444b26337772d88c7') in 0.007508 seconds 
Number of asset objects unloaded after import = 0
========================================================================
Received Import Request.
  Time since last request: 0.000012 seconds.
  path: Assets/3rdparty/openDicom/DataStructure/Value.cs
  artifactKey: Guid(505f1c7148092db41a47e4a0646f162f) Importer(2089858483,0ecaa5967403d082aa24f35e1b516d23)
Number of updated assets reloaded before import = 0
Start importing Assets/3rdparty/openDicom/DataStructure/Value.cs using Guid(505f1c7148092db41a47e4a0646f162f) Importer(2089858483,0ecaa5967403d082aa24f35e1b516d23) Generated GUIDs only implemented for interfaces!
 -> (artifact id: '386be9ef68c7e59c7dc0aae1df464976') in 0.007078 seconds 
Number of asset objects unloaded after import = 0
========================================================================
Received Import Request.
  Time since last request: 0.000014 seconds.
  path: Assets/3rdparty/openDicom/Encoding/ByteConvert.cs
  artifactKey: Guid(0ace392880277e040a3568d78be33d23) Importer(2089858483,0ecaa5967403d082aa24f35e1b516d23)
Number of updated assets reloaded before import = 0
Start importing Assets/3rdparty/openDicom/Encoding/ByteConvert.cs using Guid(0ace392880277e040a3568d78be33d23) Importer(2089858483,0ecaa5967403d082aa24f35e1b516d23) Generated GUIDs only implemented for interfaces!
 -> (artifact id: '2b943c6cc16e395a5dc0e0deb8d6cfc4') in 0.007188 seconds 
Number of asset objects unloaded after import = 0
========================================================================
Received Import Request.
  Time since last request: 0.000013 seconds.
  path: Assets/Resources/Icons/InspectIcon.png
  artifactKey: Guid(6ababb6b85570c4bfb51cd1097b4c509) Importer(2089858483,0ecaa5967403d082aa24f35e1b516d23)
Number of updated assets reloaded before import = 0
Start importing Assets/Resources/Icons/InspectIcon.png using Guid(6ababb6b85570c4bfb51cd1097b4c509) Importer(2089858483,0ecaa5967403d082aa24f35e1b516d23) Generated GUIDs only implemented for interfaces!
 -> (artifact id: 'e3706f0f01ffed3ac408f76a66f33593') in 0.018908 seconds 
Number of asset objects unloaded after import = 1
========================================================================
Received Import Request.
  Time since last request: 0.000012 seconds.
  path: Assets/Shaders/SliceRenderingShader.shader
  artifactKey: Guid(3e3d96629e2e48248bc6b90095d57855) Importer(2089858483,0ecaa5967403d082aa24f35e1b516d23)
Number of updated assets reloaded before import = 0
Start importing Assets/Shaders/SliceRenderingShader.shader using Guid(3e3d96629e2e48248bc6b90095d57855) Importer(2089858483,0ecaa5967403d082aa24f35e1b516d23) Generated GUIDs only implemented for interfaces!
 -> (artifact id: 'edc4b17498ffa4be3a34a7c8602c7f60') in 0.007754 seconds 
Number of asset objects unloaded after import = 1
========================================================================
Received Import Request.
  Time since last request: 0.000011 seconds.
  path: Assets/Scripts/Progress/NullProgressHandler.cs
  artifactKey: Guid(578fd7cd0d84b663f8076e0926c23d17) Importer(2089858483,0ecaa5967403d082aa24f35e1b516d23)
Number of updated assets reloaded before import = 0
Start importing Assets/Scripts/Progress/NullProgressHandler.cs using Guid(578fd7cd0d84b663f8076e0926c23d17) Importer(2089858483,0ecaa5967403d082aa24f35e1b516d23) Generated GUIDs only implemented for interfaces!
 -> (artifact id: '927d0cfc161095591b21653b8f0ce7c8') in 0.008715 seconds 
Number of asset objects unloaded after import = 0
========================================================================
Received Import Request.
  Time since last request: 0.000012 seconds.
  path: Assets/Scripts/SampleScene/CameraController.cs
  artifactKey: Guid(4539fba9185c180bb9a68b796d0f5353) Importer(2089858483,0ecaa5967403d082aa24f35e1b516d23)
Number of updated assets reloaded before import = 0
Start importing Assets/Scripts/SampleScene/CameraController.cs using Guid(4539fba9185c180bb9a68b796d0f5353) Importer(2089858483,0ecaa5967403d082aa24f35e1b516d23) Generated GUIDs only implemented for interfaces!
 -> (artifact id: 'ec04999bad5ff22ba81dde0a2ac0848d') in 0.007560 seconds 
Number of asset objects unloaded after import = 0
========================================================================
Received Import Request.
  Time since last request: 0.000011 seconds.
  path: Assets/Scripts/Utils/HistogramTextureGenerator.cs
  artifactKey: Guid(f9bcab751cba35d4dbd074d22a7f194c) Importer(2089858483,0ecaa5967403d082aa24f35e1b516d23)
Number of updated assets reloaded before import = 0
Start importing Assets/Scripts/Utils/HistogramTextureGenerator.cs using Guid(f9bcab751cba35d4dbd074d22a7f194c) Importer(2089858483,0ecaa5967403d082aa24f35e1b516d23) Generated GUIDs only implemented for interfaces!
 -> (artifact id: '2c987dc6106757c18255b3a96de6d9cd') in 0.008370 seconds 
Number of asset objects unloaded after import = 0
========================================================================
Received Import Request.
  Time since last request: 0.000012 seconds.
  path: Assets/3rdparty/openDicom/Encoding/AE.cs
  artifactKey: Guid(896eb8112e15f0842af493481dc2385a) Importer(2089858483,0ecaa5967403d082aa24f35e1b516d23)
Number of updated assets reloaded before import = 0
Start importing Assets/3rdparty/openDicom/Encoding/AE.cs using Guid(896eb8112e15f0842af493481dc2385a) Importer(2089858483,0ecaa5967403d082aa24f35e1b516d23) Generated GUIDs only implemented for interfaces!
 -> (artifact id: '7970d652e1efe360ef4609e383127db7') in 0.008387 seconds 
Number of asset objects unloaded after import = 0
========================================================================
Received Import Request.
  Time since last request: 0.000026 seconds.
  path: Assets/Materials/CrossSectionSphere.mat
  artifactKey: Guid(9248a20fc678a2a40a99d6b7feffc1b9) Importer(2089858483,0ecaa5967403d082aa24f35e1b516d23)
Number of updated assets reloaded before import = 0
Start importing Assets/Materials/CrossSectionSphere.mat using Guid(9248a20fc678a2a40a99d6b7feffc1b9) Importer(2089858483,0ecaa5967403d082aa24f35e1b516d23) Generated GUIDs only implemented for interfaces!
 -> (artifact id: '72e1684ff362ede8c0457eda178db8e1') in 0.008185 seconds 
Number of asset objects unloaded after import = 1
========================================================================
Received Import Request.
  Time since last request: 0.000011 seconds.
  path: Assets/Shaders/TransferFunctionPaletteShader.shader
  artifactKey: Guid(2b9f004f75e79b848808a5354ffd2c2e) Importer(2089858483,0ecaa5967403d082aa24f35e1b516d23)
Number of updated assets reloaded before import = 0
Start importing Assets/Shaders/TransferFunctionPaletteShader.shader using Guid(2b9f004f75e79b848808a5354ffd2c2e) Importer(2089858483,0ecaa5967403d082aa24f35e1b516d23) Generated GUIDs only implemented for interfaces!
 -> (artifact id: 'fa341b85c0de15cd00441728ae6fa573') in 0.008363 seconds 
Number of asset objects unloaded after import = 1
========================================================================
Received Import Request.
  Time since last request: 0.000013 seconds.
  path: Assets/Materials/DirectVolumeRenderingMaterial.mat
  artifactKey: Guid(0144c8101d10e20419ef51f90fa12125) Importer(2089858483,0ecaa5967403d082aa24f35e1b516d23)
Number of updated assets reloaded before import = 0
Start importing Assets/Materials/DirectVolumeRenderingMaterial.mat using Guid(0144c8101d10e20419ef51f90fa12125) Importer(2089858483,0ecaa5967403d082aa24f35e1b516d23) Generated GUIDs only implemented for interfaces!
 -> (artifact id: 'c23a43582cc06e743e6db3cd91197920') in 0.009617 seconds 
Number of asset objects unloaded after import = 1
========================================================================
Received Import Request.
  Time since last request: 0.000012 seconds.
  path: Assets/Scripts/GUI/Components/WindowGUID.cs
  artifactKey: Guid(4a2b62278d314ee4cafb5cec6d549323) Importer(2089858483,0ecaa5967403d082aa24f35e1b516d23)
Number of updated assets reloaded before import = 0
Start importing Assets/Scripts/GUI/Components/WindowGUID.cs using Guid(4a2b62278d314ee4cafb5cec6d549323) Importer(2089858483,0ecaa5967403d082aa24f35e1b516d23) Generated GUIDs only implemented for interfaces!
 -> (artifact id: 'fcb55eb067d306422c00c1d81837ede6') in 0.007563 seconds 
Number of asset objects unloaded after import = 0
========================================================================
Received Import Request.
  Time since last request: 0.000016 seconds.
  path: Assets/Scripts/GUI/Components/DistanceMeasureTool.cs
  artifactKey: Guid(8f3855a873454cd885c1682f14df8bab) Importer(2089858483,0ecaa5967403d082aa24f35e1b516d23)
Number of updated assets reloaded before import = 0
Start importing Assets/Scripts/GUI/Components/DistanceMeasureTool.cs using Guid(8f3855a873454cd885c1682f14df8bab) Importer(2089858483,0ecaa5967403d082aa24f35e1b516d23) Generated GUIDs only implemented for interfaces!
 -> (artifact id: 'ef473ccf77745604c4613654cbe0b33f') in 0.008579 seconds 
Number of asset objects unloaded after import = 0
========================================================================
Received Import Request.
  Time since last request: 0.000012 seconds.
  path: Assets/3rdparty/openDicom/Encoding/PN.cs
  artifactKey: Guid(cdeac45d2bc553648bba8b0ae1e05862) Importer(2089858483,0ecaa5967403d082aa24f35e1b516d23)
Number of updated assets reloaded before import = 0
Start importing Assets/3rdparty/openDicom/Encoding/PN.cs using Guid(cdeac45d2bc553648bba8b0ae1e05862) Importer(2089858483,0ecaa5967403d082aa24f35e1b516d23) Generated GUIDs only implemented for interfaces!
 -> (artifact id: '6f4e3ee4120cb78130b353354af412b8') in 0.008033 seconds 
Number of asset objects unloaded after import = 0
========================================================================
Received Import Request.
  Time since last request: 0.000012 seconds.
  path: Assets/3rdparty/openDicom/File/DicomFile.cs
  artifactKey: Guid(6ed5fb87386f3bd49b05e42870768ffc) Importer(2089858483,0ecaa5967403d082aa24f35e1b516d23)
Number of updated assets reloaded before import = 0
Start importing Assets/3rdparty/openDicom/File/DicomFile.cs using Guid(6ed5fb87386f3bd49b05e42870768ffc) Importer(2089858483,0ecaa5967403d082aa24f35e1b516d23) Generated GUIDs only implemented for interfaces!
 -> (artifact id: 'f979f3dc223cd99d167b7cf60716f63d') in 0.006558 seconds 
Number of asset objects unloaded after import = 0
========================================================================
Received Import Request.
  Time since last request: 0.000012 seconds.
  path: Assets/3rdparty/openDicom/Encoding/UN.cs
  artifactKey: Guid(58a3ffe7823a1bb4aa486f9a3000a584) Importer(2089858483,0ecaa5967403d082aa24f35e1b516d23)
Number of updated assets reloaded before import = 0
Start importing Assets/3rdparty/openDicom/Encoding/UN.cs using Guid(58a3ffe7823a1bb4aa486f9a3000a584) Importer(2089858483,0ecaa5967403d082aa24f35e1b516d23) Generated GUIDs only implemented for interfaces!
 -> (artifact id: 'bc36aa5b66d2d6a41439639d06a65fea') in 0.006962 seconds 
Number of asset objects unloaded after import = 0
========================================================================
Received Import Request.
  Time since last request: 0.000012 seconds.
  path: Assets/3rdparty/openDicom/File/XmlFile.cs
  artifactKey: Guid(8b1d4d0029ed7ec458769593af29ecbe) Importer(2089858483,0ecaa5967403d082aa24f35e1b516d23)
Number of updated assets reloaded before import = 0
Start importing Assets/3rdparty/openDicom/File/XmlFile.cs using Guid(8b1d4d0029ed7ec458769593af29ecbe) Importer(2089858483,0ecaa5967403d082aa24f35e1b516d23) Generated GUIDs only implemented for interfaces!
 -> (artifact id: 'b7f036f8bd23395db81ddeab1a331097') in 0.007386 seconds 
Number of asset objects unloaded after import = 0
========================================================================
Received Import Request.
  Time since last request: 0.000013 seconds.
  path: Assets/3rdparty/openDicom/Encoding/SQ.cs
  artifactKey: Guid(25b94af5514dbe546b90eae0d67f5662) Importer(2089858483,0ecaa5967403d082aa24f35e1b516d23)
Number of updated assets reloaded before import = 0
Start importing Assets/3rdparty/openDicom/Encoding/SQ.cs using Guid(25b94af5514dbe546b90eae0d67f5662) Importer(2089858483,0ecaa5967403d082aa24f35e1b516d23) Generated GUIDs only implemented for interfaces!
 -> (artifact id: '0fb330caebc8dcff3cdd796c5ea70d76') in 0.008475 seconds 
Number of asset objects unloaded after import = 0
========================================================================
Received Import Request.
  Time since last request: 0.000013 seconds.
  path: Assets/3rdparty/openDicom/Encoding/UL.cs
  artifactKey: Guid(881d6a360429f8048b83cff7b8f18ea2) Importer(2089858483,0ecaa5967403d082aa24f35e1b516d23)
Number of updated assets reloaded before import = 0
Start importing Assets/3rdparty/openDicom/Encoding/UL.cs using Guid(881d6a360429f8048b83cff7b8f18ea2) Importer(2089858483,0ecaa5967403d082aa24f35e1b516d23) Generated GUIDs only implemented for interfaces!
 -> (artifact id: '69c00d012e26dcc7d3755c3017caee44') in 0.006557 seconds 
Number of asset objects unloaded after import = 0
========================================================================
Received Import Request.
  Time since last request: 0.000011 seconds.
  path: Assets/3rdparty/openDicom/Encoding/ST.cs
  artifactKey: Guid(325a4661286f53f4eaab5004109f7c61) Importer(2089858483,0ecaa5967403d082aa24f35e1b516d23)
Number of updated assets reloaded before import = 0
Start importing Assets/3rdparty/openDicom/Encoding/ST.cs using Guid(325a4661286f53f4eaab5004109f7c61) Importer(2089858483,0ecaa5967403d082aa24f35e1b516d23) Generated GUIDs only implemented for interfaces!
 -> (artifact id: '478a36ebb7edafd70f36372f1d84c7a1') in 0.006739 seconds 
Number of asset objects unloaded after import = 0
========================================================================
Received Import Request.
  Time since last request: 0.000016 seconds.
  path: Assets/3rdparty/openDicom/Encoding/TransferSyntax.cs
  artifactKey: Guid(3719daf38ead79044922084a3f882afe) Importer(2089858483,0ecaa5967403d082aa24f35e1b516d23)
Number of updated assets reloaded before import = 0
Start importing Assets/3rdparty/openDicom/Encoding/TransferSyntax.cs using Guid(3719daf38ead79044922084a3f882afe) Importer(2089858483,0ecaa5967403d082aa24f35e1b516d23) Generated GUIDs only implemented for interfaces!
 -> (artifact id: 'c7d6e65a702f6c65638dbd9071d479b2') in 0.006791 seconds 
Number of asset objects unloaded after import = 0
========================================================================
Received Import Request.
  Time since last request: 0.000021 seconds.
  path: Assets/3rdparty/openDicom/Registry/Uid.cs
  artifactKey: Guid(9fb811467373bd544bc8263137c243d0) Importer(2089858483,0ecaa5967403d082aa24f35e1b516d23)
Number of updated assets reloaded before import = 0
Start importing Assets/3rdparty/openDicom/Registry/Uid.cs using Guid(9fb811467373bd544bc8263137c243d0) Importer(2089858483,0ecaa5967403d082aa24f35e1b516d23) Generated GUIDs only implemented for interfaces!
 -> (artifact id: '5a34a4bee43bc93f63fc432d74c9b0fb') in 0.006885 seconds 
Number of asset objects unloaded after import = 0
========================================================================
Received Import Request.
  Time since last request: 0.000012 seconds.
  path: Assets/Scripts/GUI/Components/ColourPickerPopup.cs
  artifactKey: Guid(fb9bffc42ab3c9afcbe13a62b234e554) Importer(2089858483,0ecaa5967403d082aa24f35e1b516d23)
Number of updated assets reloaded before import = 0
Start importing Assets/Scripts/GUI/Components/ColourPickerPopup.cs using Guid(fb9bffc42ab3c9afcbe13a62b234e554) Importer(2089858483,0ecaa5967403d082aa24f35e1b516d23) Generated GUIDs only implemented for interfaces!
 -> (artifact id: 'a3359094979cab575de16811a984c422') in 0.007803 seconds 
Number of asset objects unloaded after import = 0
========================================================================
Received Import Request.
  Time since last request: 0.000012 seconds.
  path: Assets/Scripts/GUI/Components/RuntimeFileBrowserComponent.cs
  artifactKey: Guid(a3505220cff523a44955829adad14886) Importer(2089858483,0ecaa5967403d082aa24f35e1b516d23)
Number of updated assets reloaded before import = 0
Start importing Assets/Scripts/GUI/Components/RuntimeFileBrowserComponent.cs using Guid(a3505220cff523a44955829adad14886) Importer(2089858483,0ecaa5967403d082aa24f35e1b516d23) Generated GUIDs only implemented for interfaces!
 -> (artifact id: 'ad9af69dc7c065950e344f9cf9a3d612') in 0.010292 seconds 
Number of asset objects unloaded after import = 0
========================================================================
Received Import Request.
  Time since last request: 0.000015 seconds.
  path: Assets/Scripts/Importing/ImageSequenceImporter/ImageSequenceImporter/ImageSequenceImporter.cs
  artifactKey: Guid(a09b0193701f64f43b73c5762f1edd61) Importer(2089858483,0ecaa5967403d082aa24f35e1b516d23)
Number of updated assets reloaded before import = 0
Start importing Assets/Scripts/Importing/ImageSequenceImporter/ImageSequenceImporter/ImageSequenceImporter.cs using Guid(a09b0193701f64f43b73c5762f1edd61) Importer(2089858483,0ecaa5967403d082aa24f35e1b516d23) Generated GUIDs only implemented for interfaces!
 -> (artifact id: '256f315c35fde77a095baa2f184575b1') in 0.008998 seconds 
Number of asset objects unloaded after import = 0
========================================================================
Received Import Request.
  Time since last request: 0.000015 seconds.
  path: Assets/3rdparty/openDicom/Encoding/SH.cs
  artifactKey: Guid(e343ef282687f0949825f0916b58ca05) Importer(2089858483,0ecaa5967403d082aa24f35e1b516d23)
Number of updated assets reloaded before import = 0
Start importing Assets/3rdparty/openDicom/Encoding/SH.cs using Guid(e343ef282687f0949825f0916b58ca05) Importer(2089858483,0ecaa5967403d082aa24f35e1b516d23) Generated GUIDs only implemented for interfaces!
 -> (artifact id: 'aa4a54cb361f128f4a0fda3dda9e7a42') in 0.007095 seconds 
Number of asset objects unloaded after import = 0
========================================================================
Received Import Request.
  Time since last request: 0.000013 seconds.
  path: Assets/3rdparty/openDicom/DataStructure/DataSet/Sequence.cs
  artifactKey: Guid(57f1eb8cf9182424c82b3c8c799ab4de) Importer(2089858483,0ecaa5967403d082aa24f35e1b516d23)
Number of updated assets reloaded before import = 0
Start importing Assets/3rdparty/openDicom/DataStructure/DataSet/Sequence.cs using Guid(57f1eb8cf9182424c82b3c8c799ab4de) Importer(2089858483,0ecaa5967403d082aa24f35e1b516d23) Generated GUIDs only implemented for interfaces!
 -> (artifact id: 'b3018f16664007147557e94bd365bcb8') in 0.008407 seconds 
Number of asset objects unloaded after import = 0
========================================================================
Received Import Request.
  Time since last request: 0.000052 seconds.
  path: Assets/Scripts/Importing/ImageSequenceImporter/ImageSequenceImporter/DensitySource.cs
  artifactKey: Guid(cf44cb487e46042489ffc46377a5bfb9) Importer(2089858483,0ecaa5967403d082aa24f35e1b516d23)
Number of updated assets reloaded before import = 0
Start importing Assets/Scripts/Importing/ImageSequenceImporter/ImageSequenceImporter/DensitySource.cs using Guid(cf44cb487e46042489ffc46377a5bfb9) Importer(2089858483,0ecaa5967403d082aa24f35e1b516d23) Generated GUIDs only implemented for interfaces!
 -> (artifact id: '8237dc60c5f90070a63e9ee92f33a706') in 0.007552 seconds 
Number of asset objects unloaded after import = 0
========================================================================
Received Import Request.
  Time since last request: 0.000013 seconds.
  path: Assets/3rdparty/openDicom/File/FileMetaInformation.cs
  artifactKey: Guid(2794e230e3fb3b547bebf96a8a26c14e) Importer(2089858483,0ecaa5967403d082aa24f35e1b516d23)
Number of updated assets reloaded before import = 0
Start importing Assets/3rdparty/openDicom/File/FileMetaInformation.cs using Guid(2794e230e3fb3b547bebf96a8a26c14e) Importer(2089858483,0ecaa5967403d082aa24f35e1b516d23) Generated GUIDs only implemented for interfaces!
 -> (artifact id: '0ea18636ddf27d033bbd8bb851071868') in 0.008662 seconds 
Number of asset objects unloaded after import = 0
========================================================================
Received Import Request.
  Time since last request: 0.000013 seconds.
  path: Assets/Scripts/GUI/IMGUI/TransferFunctionEditor.cs
  artifactKey: Guid(9686cd473128d99a0aa69fa100f03e80) Importer(2089858483,0ecaa5967403d082aa24f35e1b516d23)
Number of updated assets reloaded before import = 0
Start importing Assets/Scripts/GUI/IMGUI/TransferFunctionEditor.cs using Guid(9686cd473128d99a0aa69fa100f03e80) Importer(2089858483,0ecaa5967403d082aa24f35e1b516d23) Generated GUIDs only implemented for interfaces!
 -> (artifact id: '5cbf66a0fd6451ade33173943e444f83') in 0.007043 seconds 
Number of asset objects unloaded after import = 0
========================================================================
Received Import Request.
  Time since last request: 0.000015 seconds.
  path: Assets/Scripts/GUI/IMGUI/ColourPicker.cs
  artifactKey: Guid(d7eee4fe67949ef989034674911148da) Importer(2089858483,0ecaa5967403d082aa24f35e1b516d23)
Number of updated assets reloaded before import = 0
Start importing Assets/Scripts/GUI/IMGUI/ColourPicker.cs using Guid(d7eee4fe67949ef989034674911148da) Importer(2089858483,0ecaa5967403d082aa24f35e1b516d23) Generated GUIDs only implemented for interfaces!
 -> (artifact id: '5b44e2bf5f95b5f1cd2b419b211dfb43') in 0.007616 seconds 
Number of asset objects unloaded after import = 0
========================================================================
Received Import Request.
  Time since last request: 0.000014 seconds.
  path: Assets/3rdparty/openDicom/Encoding/SL.cs
  artifactKey: Guid(250ca73df4e26db44aede40c11f6f211) Importer(2089858483,0ecaa5967403d082aa24f35e1b516d23)
Number of updated assets reloaded before import = 0
Start importing Assets/3rdparty/openDicom/Encoding/SL.cs using Guid(250ca73df4e26db44aede40c11f6f211) Importer(2089858483,0ecaa5967403d082aa24f35e1b516d23) Generated GUIDs only implemented for interfaces!
 -> (artifact id: '7bef842500b0284276e56794d193a7d3') in 0.008175 seconds 
Number of asset objects unloaded after import = 0
========================================================================
Received Import Request.
  Time since last request: 0.000016 seconds.
  path: Assets/3rdparty/openDicom/Encoding/FD.cs
  artifactKey: Guid(f6afdbd7b8a41f94bad889a400c4fa07) Importer(2089858483,0ecaa5967403d082aa24f35e1b516d23)
Number of updated assets reloaded before import = 0
Start importing Assets/3rdparty/openDicom/Encoding/FD.cs using Guid(f6afdbd7b8a41f94bad889a400c4fa07) Importer(2089858483,0ecaa5967403d082aa24f35e1b516d23) Generated GUIDs only implemented for interfaces!
 -> (artifact id: '5d75863f46c40f1a3b7e72fb4aa4121a') in 0.006960 seconds 
Number of asset objects unloaded after import = 0
========================================================================
Received Import Request.
  Time since last request: 0.000013 seconds.
  path: Assets/3rdparty/openDicom/LGPL
  artifactKey: Guid(a36887d62850e16489d1fd487dd7d6f1) Importer(2089858483,0ecaa5967403d082aa24f35e1b516d23)
Number of updated assets reloaded before import = 0
Start importing Assets/3rdparty/openDicom/LGPL using Guid(a36887d62850e16489d1fd487dd7d6f1) Importer(2089858483,0ecaa5967403d082aa24f35e1b516d23) Generated GUIDs only implemented for interfaces!
 -> (artifact id: 'ed681764f0b795adc0b99078c991aa16') in 0.007082 seconds 
Number of asset objects unloaded after import = 1
========================================================================
Received Import Request.
  Time since last request: 0.000012 seconds.
  path: Assets/Scripts/Importing/ImageFileImporter/SimpleITK/SimpleITKImageFileImporter.cs
  artifactKey: Guid(abda27d3474f8d74eaa8ab9502de54e7) Importer(2089858483,0ecaa5967403d082aa24f35e1b516d23)
Number of updated assets reloaded before import = 0
Start importing Assets/Scripts/Importing/ImageFileImporter/SimpleITK/SimpleITKImageFileImporter.cs using Guid(abda27d3474f8d74eaa8ab9502de54e7) Importer(2089858483,0ecaa5967403d082aa24f35e1b516d23) Generated GUIDs only implemented for interfaces!
 -> (artifact id: '4d34991bc8bae7ecd73d6c09df0f9a7e') in 0.006715 seconds 
Number of asset objects unloaded after import = 0
========================================================================
Received Import Request.
  Time since last request: 0.000011 seconds.
  path: Assets/Scripts/Importing/ImageSequenceImporter/ImageSequenceImporter/DensityHelper.cs
  artifactKey: Guid(4b22f148aa28d6e408926877a42139d2) Importer(2089858483,0ecaa5967403d082aa24f35e1b516d23)
Number of updated assets reloaded before import = 0
Start importing Assets/Scripts/Importing/ImageSequenceImporter/ImageSequenceImporter/DensityHelper.cs using Guid(4b22f148aa28d6e408926877a42139d2) Importer(2089858483,0ecaa5967403d082aa24f35e1b516d23) Generated GUIDs only implemented for interfaces!
 -> (artifact id: 'e7c3d598af63d8772b99f13f721d8761') in 0.007446 seconds 
Number of asset objects unloaded after import = 0
========================================================================
Received Import Request.
  Time since last request: 0.000012 seconds.
  path: Assets/3rdparty/openDicom/DataStructure/ValueLength.cs
  artifactKey: Guid(182b17d328999c545afb22a3ac5b6a2a) Importer(2089858483,0ecaa5967403d082aa24f35e1b516d23)
Number of updated assets reloaded before import = 0
Start importing Assets/3rdparty/openDicom/DataStructure/ValueLength.cs using Guid(182b17d328999c545afb22a3ac5b6a2a) Importer(2089858483,0ecaa5967403d082aa24f35e1b516d23) Generated GUIDs only implemented for interfaces!
 -> (artifact id: 'ce482e5fb25f638f82acb6eea2666ec3') in 0.007206 seconds 
Number of asset objects unloaded after import = 0
========================================================================
Received Import Request.
  Time since last request: 0.000014 seconds.
  path: Assets/Resources/ComputeHistogram.compute
  artifactKey: Guid(90e61867e921489469b4826c129bde04) Importer(2089858483,0ecaa5967403d082aa24f35e1b516d23)
Number of updated assets reloaded before import = 0
Start importing Assets/Resources/ComputeHistogram.compute using Guid(90e61867e921489469b4826c129bde04) Importer(2089858483,0ecaa5967403d082aa24f35e1b516d23) Generated GUIDs only implemented for interfaces!
 -> (artifact id: '65fbcbd3e90d47be9defbc9ac7a3345c') in 0.008845 seconds 
Number of asset objects unloaded after import = 1
========================================================================
Received Import Request.
  Time since last request: 0.000011 seconds.
  path: Assets/Editor/SimpleITK/SimpleITKManager.cs
  artifactKey: Guid(5b1dcf5d0f378e04e9ae4aa3552f5667) Importer(2089858483,0ecaa5967403d082aa24f35e1b516d23)
Number of updated assets reloaded before import = 0
Start importing Assets/Editor/SimpleITK/SimpleITKManager.cs using Guid(5b1dcf5d0f378e04e9ae4aa3552f5667) Importer(2089858483,0ecaa5967403d082aa24f35e1b516d23) Generated GUIDs only implemented for interfaces!
 -> (artifact id: 'b4b19750c5461b61548df5cca2acc621') in 0.007576 seconds 
Number of asset objects unloaded after import = 0
========================================================================
Received Import Request.
  Time since last request: 0.000017 seconds.
  path: Assets/3rdparty/openDicom/Registry/DataElementDictionary.cs
  artifactKey: Guid(b0326ddcd1e899e45a2376bbbdc08f82) Importer(2089858483,0ecaa5967403d082aa24f35e1b516d23)
Number of updated assets reloaded before import = 0
Start importing Assets/3rdparty/openDicom/Registry/DataElementDictionary.cs using Guid(b0326ddcd1e899e45a2376bbbdc08f82) Importer(2089858483,0ecaa5967403d082aa24f35e1b516d23) Generated GUIDs only implemented for interfaces!
 -> (artifact id: 'f974f25fa8b650f5b47621e6c1cfd1ad') in 0.008169 seconds 
Number of asset objects unloaded after import = 0
========================================================================
Received Import Request.
  Time since last request: 0.000015 seconds.
  path: Assets/Scripts/GUI/Components/EditSliceGUI.cs
  artifactKey: Guid(9b54b81475599f84bbaf90f91137f4d6) Importer(2089858483,0ecaa5967403d082aa24f35e1b516d23)
Number of updated assets reloaded before import = 0
Start importing Assets/Scripts/GUI/Components/EditSliceGUI.cs using Guid(9b54b81475599f84bbaf90f91137f4d6) Importer(2089858483,0ecaa5967403d082aa24f35e1b516d23) Generated GUIDs only implemented for interfaces!
 -> (artifact id: '04ba0f6438f79037cd7b8160de1e4049') in 0.007790 seconds 
Number of asset objects unloaded after import = 0
========================================================================
Received Import Request.
  Time since last request: 0.000011 seconds.
  path: Assets/3rdparty/openDicom/Registry/IDicomDictionary.cs
  artifactKey: Guid(2997d203f8cd1084383757fabfb104d2) Importer(2089858483,0ecaa5967403d082aa24f35e1b516d23)
Number of updated assets reloaded before import = 0
Start importing Assets/3rdparty/openDicom/Registry/IDicomDictionary.cs using Guid(2997d203f8cd1084383757fabfb104d2) Importer(2089858483,0ecaa5967403d082aa24f35e1b516d23) Generated GUIDs only implemented for interfaces!
 -> (artifact id: 'd0d28e8162ae7eca947551fc2c16bc7a') in 0.007177 seconds 
Number of asset objects unloaded after import = 0
========================================================================
Received Import Request.
  Time since last request: 0.000013 seconds.
  path: Assets/Resources/Icons/MeasureIcon.png
  artifactKey: Guid(f4421dbf8d4ec0c4b877a9da286efefd) Importer(2089858483,0ecaa5967403d082aa24f35e1b516d23)
Number of updated assets reloaded before import = 0
Start importing Assets/Resources/Icons/MeasureIcon.png using Guid(f4421dbf8d4ec0c4b877a9da286efefd) Importer(2089858483,0ecaa5967403d082aa24f35e1b516d23) Generated GUIDs only implemented for interfaces!
 -> (artifact id: '20bffdc014360d383c741812a7c061c5') in 0.019548 seconds 
Number of asset objects unloaded after import = 1
========================================================================
Received Import Request.
  Time since last request: 0.000016 seconds.
  path: Assets/3rdparty/openDicom/Registry/UidDictionary.cs
  artifactKey: Guid(47624741d708cf245afe011eac297145) Importer(2089858483,0ecaa5967403d082aa24f35e1b516d23)
Number of updated assets reloaded before import = 0
Start importing Assets/3rdparty/openDicom/Registry/UidDictionary.cs using Guid(47624741d708cf245afe011eac297145) Importer(2089858483,0ecaa5967403d082aa24f35e1b516d23) Generated GUIDs only implemented for interfaces!
 -> (artifact id: 'dec68b31b94194becb0c6f00c23848d6') in 0.007205 seconds 
Number of asset objects unloaded after import = 0
========================================================================
Received Import Request.
  Time since last request: 0.000013 seconds.
  path: Assets/Editor/GUIUtils/ResizableArea.cs
  artifactKey: Guid(7303e5e8af15694758279e607bc00bcc) Importer(2089858483,0ecaa5967403d082aa24f35e1b516d23)
Number of updated assets reloaded before import = 0
Start importing Assets/Editor/GUIUtils/ResizableArea.cs using Guid(7303e5e8af15694758279e607bc00bcc) Importer(2089858483,0ecaa5967403d082aa24f35e1b516d23) Generated GUIDs only implemented for interfaces!
 -> (artifact id: 'd7b69d54f489a6490912d6d48a81ee30') in 0.006759 seconds 
Number of asset objects unloaded after import = 0
========================================================================
Received Import Request.
  Time since last request: 0.000015 seconds.
  path: Assets/3rdparty/openDicom/Registry/DataElementDictionaryEntry.cs
  artifactKey: Guid(c14ee26b39061034c850c866fa2474be) Importer(2089858483,0ecaa5967403d082aa24f35e1b516d23)
Number of updated assets reloaded before import = 0
Start importing Assets/3rdparty/openDicom/Registry/DataElementDictionaryEntry.cs using Guid(c14ee26b39061034c850c866fa2474be) Importer(2089858483,0ecaa5967403d082aa24f35e1b516d23) Generated GUIDs only implemented for interfaces!
 -> (artifact id: 'bf6b5061e7ef8db20294db7655752920') in 0.007888 seconds 
Number of asset objects unloaded after import = 0
========================================================================
Received Import Request.
  Time since last request: 0.000020 seconds.
  path: Assets/Scripts/Importing/ImageSequenceImporter/Interface/IImageSequenceImporter.cs
  artifactKey: Guid(34051e0115d64a448baf58b9926ac5e0) Importer(2089858483,0ecaa5967403d082aa24f35e1b516d23)
Number of updated assets reloaded before import = 0
Start importing Assets/Scripts/Importing/ImageSequenceImporter/Interface/IImageSequenceImporter.cs using Guid(34051e0115d64a448baf58b9926ac5e0) Importer(2089858483,0ecaa5967403d082aa24f35e1b516d23) Generated GUIDs only implemented for interfaces!
 -> (artifact id: '0d48f35948aac7b5898016f0cc2d7235') in 0.007389 seconds 
Number of asset objects unloaded after import = 0
========================================================================
Received Import Request.
  Time since last request: 0.000013 seconds.
  path: Assets/Scripts/Importing/ImageFileImporter/VASP/ParDatasetImporter.cs
  artifactKey: Guid(4b0a1ee15267941c9bae1119500df091) Importer(2089858483,0ecaa5967403d082aa24f35e1b516d23)
Number of updated assets reloaded before import = 0
Start importing Assets/Scripts/Importing/ImageFileImporter/VASP/ParDatasetImporter.cs using Guid(4b0a1ee15267941c9bae1119500df091) Importer(2089858483,0ecaa5967403d082aa24f35e1b516d23) Generated GUIDs only implemented for interfaces!
 -> (artifact id: '99a73a62b151ff903d1584ab2435e4d9') in 0.007410 seconds 
Number of asset objects unloaded after import = 0
========================================================================
Received Import Request.
  Time since last request: 0.000013 seconds.
  path: Assets/Resources/SlicingPlane.prefab
  artifactKey: Guid(9e33c546d74b469448387eb023d1df76) Importer(2089858483,0ecaa5967403d082aa24f35e1b516d23)
Number of updated assets reloaded before import = 0
Start importing Assets/Resources/SlicingPlane.prefab using Guid(9e33c546d74b469448387eb023d1df76) Importer(2089858483,0ecaa5967403d082aa24f35e1b516d23) Generated GUIDs only implemented for interfaces!
 -> (artifact id: 'e86d4831599524c1097e41dd42a4a893') in 0.018315 seconds 
Number of asset objects unloaded after import = 7
========================================================================
Received Prepare
Refreshing native plugins compatible for Editor in 0.72 ms, found 0 plugins.
Preloading 0 native plugins for Editor in 0.00 ms.
Unloading 1 Unused Serialized files (Serialized files now loaded: 0)
Unloading 64 unused Assets / (75.2 KB). Loaded Objects now: 976.
Memory consumption went from 45.4 MB to 45.3 MB.
Total: 2.099800 ms (FindLiveObjects: 0.066500 ms CreateObjectMapping: 0.014000 ms MarkObjects: 1.961200 ms  DeleteObjects: 0.057000 ms)

AssetImportParameters requested are different than current active one (requested -> active):
  custom:video-encoder-webm-vp8: eb34c28f22e8b96e1ab97ce403110664 -> 
  custom:video-decoder-webm-vp8: 9c59270c3fd7afecdb556c50c9e8de78 -> 
  custom:audio-decoder-ogg-vorbis: bf7c407c2cedff20999df2af8eb42d56 -> 
  custom:video-decoder-ogg-theora: a1e56fd34408186e4bbccfd4996cb3dc -> 
  custom:audio-encoder-webm-vorbis: bf7c407c2cedff20999df2af8eb42d56 -> 
  custom:SearchIndexIgnoredProperties: e643bd26f0fe6173181afceb89e7c659 -> 
  custom:container-demuxer-ogg: 62fdf1f143b41e24485cea50d1cbac27 -> 
  custom:AudioImporter_EditorPlatform: d09bf68614088b80899f8185d706f6e7 -> 
  custom:framework-win-MediaFoundation: 216162199b28c13a410421893ffa2e32 -> 
  custom:container-demuxer-webm: 4f35f7cbe854078d1ac9338744f61a02 -> 
  custom:container-muxer-webm: aa71ff27fc2769a1b78a27578f13a17b -> 
========================================================================
Received Prepare
Begin MonoManager ReloadAssembly
- Loaded All Assemblies, in  0.448 seconds
Refreshing native plugins compatible for Editor in 0.87 ms, found 0 plugins.
Native extension for WindowsStandalone target not found
Native extension for Android target not found
Mono: successfully reloaded assembly
- Finished resetting the current domain, in  0.411 seconds
Domain Reload Profiling:
	ReloadAssembly (262ms)
		BeginReloadAssembly (185ms)
			ExecutionOrderSort (0ms)
			DisableScriptedObjects (4ms)
			BackupInstance (0ms)
			ReleaseScriptingObjects (0ms)
			CreateAndSetChildDomain (23ms)
		LoadAllAssembliesAndSetupDomain (175ms)
			LoadAssemblies (130ms)
			RebuildTransferFunctionScriptingTraits (0ms)
			SetupTypeCache (146ms)
				TypeCache.Initialize (129ms)
					TypeCache.ScanAssembly (125ms)
				ResolveRequiredComponents (0ms)
		FinalizeReload (0ms)
			ReleaseScriptCaches (0ms)
			RebuildScriptCaches (0ms)
			SetupLoadedEditorAssemblies (250ms)
				LogAssemblyErrors (0ms)
				InitializePlatformSupportModulesInManaged (30ms)
				SetLoadedEditorAssemblies (3ms)
				RefreshPlugins (0ms)
				BeforeProcessingInitializeOnLoad (69ms)
				ProcessInitializeOnLoadAttributes (103ms)
				ProcessInitializeOnLoadMethodAttributes (16ms)
				AfterProcessingInitializeOnLoad (28ms)
				EditorAssembliesLoaded (0ms)
			ExecutionOrderSort2 (0ms)
			AwakeInstancesAfterBackupRestoration (7ms)
Refreshing native plugins compatible for Editor in 0.70 ms, found 0 plugins.
Preloading 0 native plugins for Editor in 0.00 ms.
Unloading 495 Unused Serialized files (Serialized files now loaded: 0)
Unloading 7 unused Assets / (105.5 KB). Loaded Objects now: 987.
Memory consumption went from 112.5 MB to 112.4 MB.
Total: 1.489000 ms (FindLiveObjects: 0.056000 ms CreateObjectMapping: 0.011100 ms MarkObjects: 1.379900 ms  DeleteObjects: 0.033800 ms)

AssetImportParameters requested are different than current active one (requested -> active):
  custom:video-encoder-webm-vp8: eb34c28f22e8b96e1ab97ce403110664 -> 
  custom:video-decoder-webm-vp8: 9c59270c3fd7afecdb556c50c9e8de78 -> 
  custom:audio-decoder-ogg-vorbis: bf7c407c2cedff20999df2af8eb42d56 -> 
  custom:video-decoder-ogg-theora: a1e56fd34408186e4bbccfd4996cb3dc -> 
  custom:audio-encoder-webm-vorbis: bf7c407c2cedff20999df2af8eb42d56 -> 
  custom:SearchIndexIgnoredProperties: e643bd26f0fe6173181afceb89e7c659 -> 
  custom:container-demuxer-ogg: 62fdf1f143b41e24485cea50d1cbac27 -> 
  custom:AudioImporter_EditorPlatform: d09bf68614088b80899f8185d706f6e7 -> 
  custom:framework-win-MediaFoundation: 216162199b28c13a410421893ffa2e32 -> 
  custom:container-demuxer-webm: 4f35f7cbe854078d1ac9338744f61a02 -> 
  custom:container-muxer-webm: aa71ff27fc2769a1b78a27578f13a17b -> 
Editor requested this worker to shutdown with reason: Scaling down because of idle timeout
TcpMessagingSession - receive error: operation aborted. errorcode: 995, details:  I/O 
AssetImportWorker is now disconnected from the server
Process exiting
Exiting without the bug reporter. Application will terminate with return code 0