Using pre-set license
Built from '2022.2/release' branch; Version is '2022.2.2f1 (c93c5d3acf5b) revision 13188189'; Using compiler version '192829333'; Build Type 'Release'
OS: 'Windows 10  (10.0.19045) 64bit Professional' Language: 'zh' Physical Memory: 65261 MB
BatchMode: 1, IsHumanControllingUs: 0, StartBugReporterOnCrash: 0, Is64bit: 1, IsPro: 1

COMMAND LINE ARGUMENTS:
C:\Program Files\Unity\Hub\Editor\2022.2.2f1\Editor\Unity.exe
-adb2
-batchMode
-noUpm
-name
AssetImportWorker1
-projectPath
C:/Dev/Study/UnityVolumeRendering
-logFile
Logs/AssetImportWorker1.log
-srvPort
61797
Successfully changed project path to: C:/Dev/Study/UnityVolumeRendering
C:/Dev/Study/UnityVolumeRendering
[UnityMemory] Configuration Parameters - Can be set up in boot.config
    "memorysetup-bucket-allocator-granularity=16"
    "memorysetup-bucket-allocator-bucket-count=8"
    "memorysetup-bucket-allocator-block-size=33554432"
    "memorysetup-bucket-allocator-block-count=8"
    "memorysetup-main-allocator-block-size=16777216"
    "memorysetup-thread-allocator-block-size=16777216"
    "memorysetup-gfx-main-allocator-block-size=16777216"
    "memorysetup-gfx-thread-allocator-block-size=16777216"
    "memorysetup-cache-allocator-block-size=4194304"
    "memorysetup-typetree-allocator-block-size=2097152"
    "memorysetup-profiler-bucket-allocator-granularity=16"
    "memorysetup-profiler-bucket-allocator-bucket-count=8"
    "memorysetup-profiler-bucket-allocator-block-size=33554432"
    "memorysetup-profiler-bucket-allocator-block-count=8"
    "memorysetup-profiler-allocator-block-size=16777216"
    "memorysetup-profiler-editor-allocator-block-size=1048576"
    "memorysetup-temp-allocator-size-main=16777216"
    "memorysetup-job-temp-allocator-block-size=2097152"
    "memorysetup-job-temp-allocator-block-size-background=1048576"
    "memorysetup-job-temp-allocator-reduction-small-platforms=262144"
    "memorysetup-temp-allocator-size-background-worker=32768"
    "memorysetup-temp-allocator-size-job-worker=262144"
    "memorysetup-temp-allocator-size-preload-manager=33554432"
    "memorysetup-temp-allocator-size-nav-mesh-worker=65536"
    "memorysetup-temp-allocator-size-audio-worker=65536"
    "memorysetup-temp-allocator-size-cloud-worker=32768"
    "memorysetup-temp-allocator-size-gi-baking-worker=262144"
    "memorysetup-temp-allocator-size-gfx=262144"
Player connection [1904] Host "[IP] 10.67.146.20 [Port] 0 [Flags] 2 [Guid] 3355726634 [EditorId] 3355726634 [Version] 1048832 [Id] WindowsEditor(7,2C4ZSK3-HDL) [Debug] 1 [PackageName] WindowsEditor [ProjectName] Editor" joined multi-casting on [225.0.0.222:54997]...

Player connection [1904] Host "[IP] 10.67.146.20 [Port] 0 [Flags] 2 [Guid] 3355726634 [EditorId] 3355726634 [Version] 1048832 [Id] WindowsEditor(7,2C4ZSK3-HDL) [Debug] 1 [PackageName] WindowsEditor [ProjectName] Editor" joined alternative multi-casting on [225.0.0.222:34997]...

Refreshing native plugins compatible for Editor in 1.41 ms, found 0 plugins.
Preloading 0 native plugins for Editor in 0.00 ms.
Initialize engine version: 2022.2.2f1 (c93c5d3acf5b)
[Subsystems] Discovering subsystems at path C:/Program Files/Unity/Hub/Editor/2022.2.2f1/Editor/Data/Resources/UnitySubsystems
[Subsystems] Discovering subsystems at path C:/Dev/Study/UnityVolumeRendering/Assets
GfxDevice: creating device client; threaded=0; jobified=0
Direct3D:
    Version:  Direct3D 11.0 [level 11.1]
    Renderer: NVIDIA GeForce RTX 3070 (ID=0x2488)
    Vendor:   NVIDIA
    VRAM:     8031 MB
    Driver:   31.0.15.3114
Initialize mono
Mono path[0] = 'C:/Program Files/Unity/Hub/Editor/2022.2.2f1/Editor/Data/Managed'
Mono path[1] = 'C:/Program Files/Unity/Hub/Editor/2022.2.2f1/Editor/Data/MonoBleedingEdge/lib/mono/unityjit-win32'
Mono config path = 'C:/Program Files/Unity/Hub/Editor/2022.2.2f1/Editor/Data/MonoBleedingEdge/etc'
Using monoOptions --debugger-agent=transport=dt_socket,embedding=1,server=y,suspend=n,address=127.0.0.1:56292
Begin MonoManager ReloadAssembly
Registering precompiled unity dll's ...
Register platform support module: C:/Program Files/Unity/Hub/Editor/2022.2.2f1/Editor/Data/PlaybackEngines/AndroidPlayer/UnityEditor.Android.Extensions.dll
Register platform support module: C:/Program Files/Unity/Hub/Editor/2022.2.2f1/Editor/Data/PlaybackEngines/WindowsStandaloneSupport/UnityEditor.WindowsStandalone.Extensions.dll
Registered in 0.023288 seconds.
- Loaded All Assemblies, in  0.356 seconds
Native extension for WindowsStandalone target not found
Native extension for Android target not found
Win32Exception: 操作成功完成。
  at System.Diagnostics.Process.Kill () [0x00018] in <15e80c59b0334c078f575d241a54fb1d>:0 
  at (wrapper remoting-invoke-with-check) System.Diagnostics.Process.Kill()
  at UnityEditor.Android.AndroidDeploymentTargetsExtension.GetKnownTargets (UnityEditor.DeploymentTargets.IDeploymentTargetsMainThreadContext context, UnityEditor.ProgressHandler progressHandler) [0x000da] in <78a7f7e9a87745b9a9f63bc62bfdda7d>:0 
  at UnityEditor.Android.TargetScanWorker.ScanSync () [0x00028] in <78a7f7e9a87745b9a9f63bc62bfdda7d>:0 
  at UnityEditor.Android.TargetExtension.OnUsbDevicesChanged (UnityEditor.Hardware.UsbDevice[] usbDevices) [0x00081] in <78a7f7e9a87745b9a9f63bc62bfdda7d>:0 
  at UnityEditor.Android.TargetExtension.OnLoad () [0x000ad] in <78a7f7e9a87745b9a9f63bc62bfdda7d>:0 
  at UnityEditor.Modules.ModuleManager.InitializePlatformSupportModules () [0x0009d] in <d92715ccd3ac42dbaeb8a2239166e2e8>:0 

Mono: successfully reloaded assembly
- Finished resetting the current domain, in  0.319 seconds
Domain Reload Profiling:
	ReloadAssembly (216ms)
		BeginReloadAssembly (95ms)
			ExecutionOrderSort (0ms)
			DisableScriptedObjects (0ms)
			BackupInstance (0ms)
			ReleaseScriptingObjects (0ms)
			CreateAndSetChildDomain (1ms)
		LoadAllAssembliesAndSetupDomain (0ms)
			LoadAssemblies (90ms)
			RebuildTransferFunctionScriptingTraits (0ms)
			SetupTypeCache (120ms)
				TypeCache.Initialize (119ms)
					TypeCache.ScanAssembly (117ms)
				ResolveRequiredComponents (1ms)
		FinalizeReload (0ms)
			ReleaseScriptCaches (0ms)
			RebuildScriptCaches (0ms)
			SetupLoadedEditorAssemblies (273ms)
				LogAssemblyErrors (0ms)
				InitializePlatformSupportModulesInManaged (158ms)
				SetLoadedEditorAssemblies (4ms)
				RefreshPlugins (0ms)
				BeforeProcessingInitializeOnLoad (1ms)
				ProcessInitializeOnLoadAttributes (77ms)
				ProcessInitializeOnLoadMethodAttributes (33ms)
				AfterProcessingInitializeOnLoad (0ms)
				EditorAssembliesLoaded (0ms)
			ExecutionOrderSort2 (0ms)
			AwakeInstancesAfterBackupRestoration (0ms)
========================================================================
Worker process is ready to serve import requests
Begin MonoManager ReloadAssembly
- Loaded All Assemblies, in  0.346 seconds
Refreshing native plugins compatible for Editor in 0.79 ms, found 0 plugins.
Native extension for WindowsStandalone target not found
Native extension for Android target not found
Mono: successfully reloaded assembly
- Finished resetting the current domain, in  0.308 seconds
Domain Reload Profiling:
	ReloadAssembly (199ms)
		BeginReloadAssembly (117ms)
			ExecutionOrderSort (0ms)
			DisableScriptedObjects (5ms)
			BackupInstance (0ms)
			ReleaseScriptingObjects (0ms)
			CreateAndSetChildDomain (18ms)
		LoadAllAssembliesAndSetupDomain (142ms)
			LoadAssemblies (72ms)
			RebuildTransferFunctionScriptingTraits (0ms)
			SetupTypeCache (123ms)
				TypeCache.Initialize (110ms)
					TypeCache.ScanAssembly (108ms)
				ResolveRequiredComponents (0ms)
		FinalizeReload (0ms)
			ReleaseScriptCaches (0ms)
			RebuildScriptCaches (0ms)
			SetupLoadedEditorAssemblies (206ms)
				LogAssemblyErrors (0ms)
				InitializePlatformSupportModulesInManaged (21ms)
				SetLoadedEditorAssemblies (4ms)
				RefreshPlugins (0ms)
				BeforeProcessingInitializeOnLoad (53ms)
				ProcessInitializeOnLoadAttributes (95ms)
				ProcessInitializeOnLoadMethodAttributes (16ms)
				AfterProcessingInitializeOnLoad (18ms)
				EditorAssembliesLoaded (0ms)
			ExecutionOrderSort2 (0ms)
			AwakeInstancesAfterBackupRestoration (5ms)
Launched and connected shader compiler UnityShaderCompiler.exe after 0.04 seconds
Refreshing native plugins compatible for Editor in 0.73 ms, found 0 plugins.
Preloading 0 native plugins for Editor in 0.00 ms.
Unloading 498 Unused Serialized files (Serialized files now loaded: 0)
Unloading 11 unused Assets / (134.1 KB). Loaded Objects now: 975.
Memory consumption went from 113.3 MB to 113.2 MB.
Total: 1.694300 ms (FindLiveObjects: 0.057700 ms CreateObjectMapping: 0.012400 ms MarkObjects: 1.550700 ms  DeleteObjects: 0.072500 ms)

AssetImportParameters requested are different than current active one (requested -> active):
  custom:video-encoder-webm-vp8: eb34c28f22e8b96e1ab97ce403110664 -> 
  custom:video-decoder-webm-vp8: 9c59270c3fd7afecdb556c50c9e8de78 -> 
  custom:audio-decoder-ogg-vorbis: bf7c407c2cedff20999df2af8eb42d56 -> 
  custom:video-decoder-ogg-theora: a1e56fd34408186e4bbccfd4996cb3dc -> 
  custom:audio-encoder-webm-vorbis: bf7c407c2cedff20999df2af8eb42d56 -> 
  custom:container-demuxer-ogg: 62fdf1f143b41e24485cea50d1cbac27 -> 
  custom:AudioImporter_EditorPlatform: d09bf68614088b80899f8185d706f6e7 -> 
  custom:framework-win-MediaFoundation: 216162199b28c13a410421893ffa2e32 -> 
  custom:container-demuxer-webm: 4f35f7cbe854078d1ac9338744f61a02 -> 
  custom:container-muxer-webm: aa71ff27fc2769a1b78a27578f13a17b -> 
========================================================================
Received Import Request.
  Time since last request: 19725.970342 seconds.
  path: Assets/3rdparty/openDicom
  artifactKey: Guid(5033c049c25f14247bda508da9e983c1) Importer(815301076,1909f56bfc062723c751e8b465ee728b)
Number of updated assets reloaded before import = 0
Start importing Assets/3rdparty/openDicom using Guid(5033c049c25f14247bda508da9e983c1) Importer(815301076,1909f56bfc062723c751e8b465ee728b)  -> (artifact id: '12df1a9a7f06a5355e0ead39745f38f9') in 0.003829 seconds 
Number of asset objects unloaded after import = 0
========================================================================
Received Import Request.
  Time since last request: 851.346356 seconds.
  path: Assets/DONOTREMOVE-PathSearchFile.txt
  artifactKey: Guid(49eccd9c87b5fde45810b63c2f167df3) Importer(2089858483,0ecaa5967403d082aa24f35e1b516d23)
Number of updated assets reloaded before import = 0
Start importing Assets/DONOTREMOVE-PathSearchFile.txt using Guid(49eccd9c87b5fde45810b63c2f167df3) Importer(2089858483,0ecaa5967403d082aa24f35e1b516d23) Generated GUIDs only implemented for interfaces!
 -> (artifact id: 'a4e5ea86bcf489e624b1926b124f34dc') in 0.126080 seconds 
Number of asset objects unloaded after import = 1
========================================================================
Received Import Request.
  Time since last request: 0.000017 seconds.
  path: Assets/Scripts/Progress/IProgressHandler.cs
  artifactKey: Guid(c6e405275bcbd3aac8951ddc981798fc) Importer(2089858483,0ecaa5967403d082aa24f35e1b516d23)
Number of updated assets reloaded before import = 0
Start importing Assets/Scripts/Progress/IProgressHandler.cs using Guid(c6e405275bcbd3aac8951ddc981798fc) Importer(2089858483,0ecaa5967403d082aa24f35e1b516d23) Generated GUIDs only implemented for interfaces!
 -> (artifact id: '5c6e5b918308a3e56e4fa1f375d83b9e') in 0.028855 seconds 
Number of asset objects unloaded after import = 0
========================================================================
Received Import Request.
  Time since last request: 0.000015 seconds.
  path: Assets/Scripts/Progress/ProgressView.cs
  artifactKey: Guid(520b4e3549239d0a881e62b91e53f148) Importer(2089858483,0ecaa5967403d082aa24f35e1b516d23)
Number of updated assets reloaded before import = 0
Start importing Assets/Scripts/Progress/ProgressView.cs using Guid(520b4e3549239d0a881e62b91e53f148) Importer(2089858483,0ecaa5967403d082aa24f35e1b516d23) Generated GUIDs only implemented for interfaces!
 -> (artifact id: '819b389a1ac1b402c04fff9601a957a5') in 0.008618 seconds 
Number of asset objects unloaded after import = 0
========================================================================
Received Import Request.
  Time since last request: 0.000027 seconds.
  path: Assets/Scripts/TransferFunction/TransferFunctionDatabase.cs
  artifactKey: Guid(9805df7fa7b5e1b4cbc7c9c9fb18d2d5) Importer(2089858483,0ecaa5967403d082aa24f35e1b516d23)
Number of updated assets reloaded before import = 0
Start importing Assets/Scripts/TransferFunction/TransferFunctionDatabase.cs using Guid(9805df7fa7b5e1b4cbc7c9c9fb18d2d5) Importer(2089858483,0ecaa5967403d082aa24f35e1b516d23) Generated GUIDs only implemented for interfaces!
 -> (artifact id: '22852a37015caab8bd17704ee5c0bcd3') in 0.009201 seconds 
Number of asset objects unloaded after import = 0
========================================================================
Received Import Request.
  Time since last request: 0.000038 seconds.
  path: Assets/Shaders/TricubicSampling.cginc
  artifactKey: Guid(739057a4874c558c38f4675567bb930d) Importer(2089858483,0ecaa5967403d082aa24f35e1b516d23)
Number of updated assets reloaded before import = 0
Start importing Assets/Shaders/TricubicSampling.cginc using Guid(739057a4874c558c38f4675567bb930d) Importer(2089858483,0ecaa5967403d082aa24f35e1b516d23) Generated GUIDs only implemented for interfaces!
 -> (artifact id: '39f7224c01f83253d45e7047c609c3fd') in 0.009126 seconds 
Number of asset objects unloaded after import = 1
========================================================================
Received Import Request.
  Time since last request: 0.000013 seconds.
  path: Assets/Scripts/VolumeObject/CrossSectionObject.cs
  artifactKey: Guid(f8a6f206152b664999b2687943ac4840) Importer(2089858483,0ecaa5967403d082aa24f35e1b516d23)
Number of updated assets reloaded before import = 0
Start importing Assets/Scripts/VolumeObject/CrossSectionObject.cs using Guid(f8a6f206152b664999b2687943ac4840) Importer(2089858483,0ecaa5967403d082aa24f35e1b516d23) Generated GUIDs only implemented for interfaces!
 -> (artifact id: '2346c65c5f46c16108901efbaa6e58d0') in 0.007570 seconds 
Number of asset objects unloaded after import = 0
========================================================================
Received Import Request.
  Time since last request: 0.000012 seconds.
  path: Assets/3rdparty/openDicom/Encoding/DT.cs
  artifactKey: Guid(1cb030254f68a534397b4b7db37f31bf) Importer(2089858483,0ecaa5967403d082aa24f35e1b516d23)
Number of updated assets reloaded before import = 0
Start importing Assets/3rdparty/openDicom/Encoding/DT.cs using Guid(1cb030254f68a534397b4b7db37f31bf) Importer(2089858483,0ecaa5967403d082aa24f35e1b516d23) Generated GUIDs only implemented for interfaces!
 -> (artifact id: '1bf18df96fe3ae578f81274923a65f3f') in 0.008992 seconds 
Number of asset objects unloaded after import = 0
========================================================================
Received Import Request.
  Time since last request: 0.000013 seconds.
  path: Assets/3rdparty/openDicom/Encoding/LO.cs
  artifactKey: Guid(19bb1114d82125547893c54674cc5442) Importer(2089858483,0ecaa5967403d082aa24f35e1b516d23)
Number of updated assets reloaded before import = 0
Start importing Assets/3rdparty/openDicom/Encoding/LO.cs using Guid(19bb1114d82125547893c54674cc5442) Importer(2089858483,0ecaa5967403d082aa24f35e1b516d23) Generated GUIDs only implemented for interfaces!
 -> (artifact id: '4cb97e36d60448e7a2c727433ba34b29') in 0.007076 seconds 
Number of asset objects unloaded after import = 0
========================================================================
Received Import Request.
  Time since last request: 0.000014 seconds.
  path: Assets/Shaders/TransferFunctionShader.shader
  artifactKey: Guid(9117c7b46d847fc41adc9d9bb2cfa4c4) Importer(2089858483,0ecaa5967403d082aa24f35e1b516d23)
Number of updated assets reloaded before import = 0
Start importing Assets/Shaders/TransferFunctionShader.shader using Guid(9117c7b46d847fc41adc9d9bb2cfa4c4) Importer(2089858483,0ecaa5967403d082aa24f35e1b516d23) Generated GUIDs only implemented for interfaces!
 -> (artifact id: 'eb177562817c6b749b97d713e7e13fc1') in 0.013765 seconds 
Number of asset objects unloaded after import = 1
========================================================================
Received Import Request.
  Time since last request: 0.000011 seconds.
  path: Assets/3rdparty/openDicom/Encoding/CS.cs
  artifactKey: Guid(1114831eb554c4f40bb56a8180711b26) Importer(2089858483,0ecaa5967403d082aa24f35e1b516d23)
Number of updated assets reloaded before import = 0
Start importing Assets/3rdparty/openDicom/Encoding/CS.cs using Guid(1114831eb554c4f40bb56a8180711b26) Importer(2089858483,0ecaa5967403d082aa24f35e1b516d23) Generated GUIDs only implemented for interfaces!
 -> (artifact id: '9f34dd0942fe8c10ce4fcce03838cb77') in 0.007809 seconds 
Number of asset objects unloaded after import = 0
========================================================================
Received Import Request.
  Time since last request: 0.000013 seconds.
  path: Assets/Scenes/TestScene.unity
  artifactKey: Guid(99c9720ab356a0642a771bea13969a05) Importer(2089858483,0ecaa5967403d082aa24f35e1b516d23)
Number of updated assets reloaded before import = 0
Start importing Assets/Scenes/TestScene.unity using Guid(99c9720ab356a0642a771bea13969a05) Importer(2089858483,0ecaa5967403d082aa24f35e1b516d23) Generated GUIDs only implemented for interfaces!
 -> (artifact id: '9d2f45679bf9083fc8286dd0e8d75a6b') in 0.007550 seconds 
Number of asset objects unloaded after import = 1
========================================================================
Received Import Request.
  Time since last request: 0.000012 seconds.
  path: Assets/Scripts/GUI/RuntimeFileBrowser.cs
  artifactKey: Guid(76cf32388bffdf04cbae65ee059fb111) Importer(2089858483,0ecaa5967403d082aa24f35e1b516d23)
Number of updated assets reloaded before import = 0
Start importing Assets/Scripts/GUI/RuntimeFileBrowser.cs using Guid(76cf32388bffdf04cbae65ee059fb111) Importer(2089858483,0ecaa5967403d082aa24f35e1b516d23) Generated GUIDs only implemented for interfaces!
 -> (artifact id: 'b22358e08ab867fccaca1d2d873476aa') in 0.007994 seconds 
Number of asset objects unloaded after import = 0
========================================================================
Received Import Request.
  Time since last request: 0.000012 seconds.
  path: Assets/Scripts/VolumeObject/MaterialFactory.cs
  artifactKey: Guid(d7d2a389b524f554087d230e01a5d917) Importer(2089858483,0ecaa5967403d082aa24f35e1b516d23)
Number of updated assets reloaded before import = 0
Start importing Assets/Scripts/VolumeObject/MaterialFactory.cs using Guid(d7d2a389b524f554087d230e01a5d917) Importer(2089858483,0ecaa5967403d082aa24f35e1b516d23) Generated GUIDs only implemented for interfaces!
 -> (artifact id: '18e8b66a8da04b5ed70574d92c0ed3d6') in 0.007044 seconds 
Number of asset objects unloaded after import = 0
========================================================================
Received Import Request.
  Time since last request: 0.000043 seconds.
  path: Assets/Editor/SelectionHelper.cs
  artifactKey: Guid(0fe93c0b29b1f474ebcfd15be9ef1c9c) Importer(2089858483,0ecaa5967403d082aa24f35e1b516d23)
Number of updated assets reloaded before import = 0
Start importing Assets/Editor/SelectionHelper.cs using Guid(0fe93c0b29b1f474ebcfd15be9ef1c9c) Importer(2089858483,0ecaa5967403d082aa24f35e1b516d23) Generated GUIDs only implemented for interfaces!
 -> (artifact id: 'ca4a6fa4bd23ee524ceb35bdaba7b963') in 0.008639 seconds 
Number of asset objects unloaded after import = 0
========================================================================
Received Import Request.
  Time since last request: 0.000015 seconds.
  path: Assets/Editor/ImportSettingsEditorWindow.cs
  artifactKey: Guid(8967c87c2996b4a4988102a8f6eaa239) Importer(2089858483,0ecaa5967403d082aa24f35e1b516d23)
Number of updated assets reloaded before import = 0
Start importing Assets/Editor/ImportSettingsEditorWindow.cs using Guid(8967c87c2996b4a4988102a8f6eaa239) Importer(2089858483,0ecaa5967403d082aa24f35e1b516d23) Generated GUIDs only implemented for interfaces!
 -> (artifact id: '00a8fa90f89e61b69b9b092f9df5882e') in 0.008517 seconds 
Number of asset objects unloaded after import = 0
========================================================================
Received Import Request.
  Time since last request: 0.000012 seconds.
  path: Assets/Resources/TransferFunctionPaletteGUIMat.mat
  artifactKey: Guid(ff490732e49820c42b1fb485f6a0717c) Importer(2089858483,0ecaa5967403d082aa24f35e1b516d23)
Number of updated assets reloaded before import = 0
Start importing Assets/Resources/TransferFunctionPaletteGUIMat.mat using Guid(ff490732e49820c42b1fb485f6a0717c) Importer(2089858483,0ecaa5967403d082aa24f35e1b516d23) Generated GUIDs only implemented for interfaces!
 -> (artifact id: '72a9dc62f9bb296a45265d4ceb1d29a6') in 0.018607 seconds 
Number of asset objects unloaded after import = 1
========================================================================
Received Import Request.
  Time since last request: 0.000011 seconds.
  path: Assets/3rdparty/Nifti.NET/NiftiHeader.cs
  artifactKey: Guid(eba23c3f960cdd3768021692706a26a5) Importer(2089858483,0ecaa5967403d082aa24f35e1b516d23)
Number of updated assets reloaded before import = 0
Start importing Assets/3rdparty/Nifti.NET/NiftiHeader.cs using Guid(eba23c3f960cdd3768021692706a26a5) Importer(2089858483,0ecaa5967403d082aa24f35e1b516d23) Generated GUIDs only implemented for interfaces!
 -> (artifact id: '843dac5f4a3aa4201ff62d2d686ff11e') in 0.006740 seconds 
Number of asset objects unloaded after import = 0
========================================================================
Received Import Request.
  Time since last request: 0.000012 seconds.
  path: Assets/3rdparty/openDicom/Encoding/EncodingException.cs
  artifactKey: Guid(129f22383f24eb84eb1b360814f140a6) Importer(2089858483,0ecaa5967403d082aa24f35e1b516d23)
Number of updated assets reloaded before import = 0
Start importing Assets/3rdparty/openDicom/Encoding/EncodingException.cs using Guid(129f22383f24eb84eb1b360814f140a6) Importer(2089858483,0ecaa5967403d082aa24f35e1b516d23) Generated GUIDs only implemented for interfaces!
 -> (artifact id: '4954b3e8823f39fa6d8fdfff39bd81d0') in 0.007130 seconds 
Number of asset objects unloaded after import = 0
========================================================================
Received Import Request.
  Time since last request: 0.000014 seconds.
  path: Assets/Scripts/Progress/ProgressHandler.cs
  artifactKey: Guid(af60ed0db8e1a33248328dafc618d237) Importer(2089858483,0ecaa5967403d082aa24f35e1b516d23)
Number of updated assets reloaded before import = 0
Start importing Assets/Scripts/Progress/ProgressHandler.cs using Guid(af60ed0db8e1a33248328dafc618d237) Importer(2089858483,0ecaa5967403d082aa24f35e1b516d23) Generated GUIDs only implemented for interfaces!
 -> (artifact id: '154ef284c1d869ab03ca1afea2610991') in 0.008648 seconds 
Number of asset objects unloaded after import = 0
========================================================================
Received Import Request.
  Time since last request: 0.000014 seconds.
  path: Assets/Resources/CutoutBox.prefab
  artifactKey: Guid(cc908a3bf1d415e4c9e3b478efe32102) Importer(2089858483,0ecaa5967403d082aa24f35e1b516d23)
Number of updated assets reloaded before import = 0
Start importing Assets/Resources/CutoutBox.prefab using Guid(cc908a3bf1d415e4c9e3b478efe32102) Importer(2089858483,0ecaa5967403d082aa24f35e1b516d23) Generated GUIDs only implemented for interfaces!
 -> (artifact id: '2940f104ee0fe9de78b04a2251259fda') in 0.021552 seconds 
Number of asset objects unloaded after import = 7
========================================================================
Received Import Request.
  Time since last request: 0.000014 seconds.
  path: Assets/3rdparty/openDicom/Encoding/AS.cs
  artifactKey: Guid(c216a2d1bab1cdb43827383b3458cb36) Importer(2089858483,0ecaa5967403d082aa24f35e1b516d23)
Number of updated assets reloaded before import = 0
Start importing Assets/3rdparty/openDicom/Encoding/AS.cs using Guid(c216a2d1bab1cdb43827383b3458cb36) Importer(2089858483,0ecaa5967403d082aa24f35e1b516d23) Generated GUIDs only implemented for interfaces!
 -> (artifact id: 'f95686f698dd1a6e008279919ad5c068') in 0.007379 seconds 
Number of asset objects unloaded after import = 0
========================================================================
Received Import Request.
  Time since last request: 0.000013 seconds.
  path: Assets/Resources/CutoutSphere.prefab
  artifactKey: Guid(cf228486419498640b3ba274a9fdbd35) Importer(2089858483,0ecaa5967403d082aa24f35e1b516d23)
Number of updated assets reloaded before import = 0
Start importing Assets/Resources/CutoutSphere.prefab using Guid(cf228486419498640b3ba274a9fdbd35) Importer(2089858483,0ecaa5967403d082aa24f35e1b516d23) Generated GUIDs only implemented for interfaces!
 -> (artifact id: 'ffec1cbe8a55079b2c64fe7abe907dda') in 0.013852 seconds 
Number of asset objects unloaded after import = 7
========================================================================
Received Import Request.
  Time since last request: 0.000016 seconds.
  path: Assets/Scripts/VolumeObject/CrossSectionPlane.cs
  artifactKey: Guid(030645f63ce11d14ea77ce39291d70da) Importer(2089858483,0ecaa5967403d082aa24f35e1b516d23)
Number of updated assets reloaded before import = 0
Start importing Assets/Scripts/VolumeObject/CrossSectionPlane.cs using Guid(030645f63ce11d14ea77ce39291d70da) Importer(2089858483,0ecaa5967403d082aa24f35e1b516d23) Generated GUIDs only implemented for interfaces!
 -> (artifact id: '78082c93a20f03322d000f515f5e3599') in 0.009424 seconds 
Number of asset objects unloaded after import = 0
========================================================================
Received Import Request.
  Time since last request: 0.000018 seconds.
  path: Assets/Resources/dicom-elements-2007.dic.bytes
  artifactKey: Guid(995b791e7a90b494194aa1d02cedc49c) Importer(2089858483,0ecaa5967403d082aa24f35e1b516d23)
Number of updated assets reloaded before import = 0
Start importing Assets/Resources/dicom-elements-2007.dic.bytes using Guid(995b791e7a90b494194aa1d02cedc49c) Importer(2089858483,0ecaa5967403d082aa24f35e1b516d23) Generated GUIDs only implemented for interfaces!
 -> (artifact id: '92b9c98d56709db9d5f21e26e9b58efb') in 0.009693 seconds 
Number of asset objects unloaded after import = 1
========================================================================
Received Import Request.
  Time since last request: 0.000021 seconds.
  path: Assets/Scripts/TransferFunction/TransferFunction2D.cs
  artifactKey: Guid(207cc2cb9090f0f46be18cf25497ad3e) Importer(2089858483,0ecaa5967403d082aa24f35e1b516d23)
Number of updated assets reloaded before import = 0
Start importing Assets/Scripts/TransferFunction/TransferFunction2D.cs using Guid(207cc2cb9090f0f46be18cf25497ad3e) Importer(2089858483,0ecaa5967403d082aa24f35e1b516d23) Generated GUIDs only implemented for interfaces!
 -> (artifact id: 'c9e57da800633119afd4d66e465a5cbd') in 0.010018 seconds 
Number of asset objects unloaded after import = 0
========================================================================
Received Import Request.
  Time since last request: 0.000015 seconds.
  path: Assets/3rdparty/openDicom/DataStructure/VR.cs
  artifactKey: Guid(d09c97a64a8830c40a82e79c0fed62cd) Importer(2089858483,0ecaa5967403d082aa24f35e1b516d23)
Number of updated assets reloaded before import = 0
Start importing Assets/3rdparty/openDicom/DataStructure/VR.cs using Guid(d09c97a64a8830c40a82e79c0fed62cd) Importer(2089858483,0ecaa5967403d082aa24f35e1b516d23) Generated GUIDs only implemented for interfaces!
 -> (artifact id: '76a2be14704235c904d926f45be2f97f') in 0.008551 seconds 
Number of asset objects unloaded after import = 0
========================================================================
Received Import Request.
  Time since last request: 0.000017 seconds.
  path: Assets/Scripts/Utils/NoiseTextureGenerator.cs
  artifactKey: Guid(ed6362746a619f540963023e61710552) Importer(2089858483,0ecaa5967403d082aa24f35e1b516d23)
Number of updated assets reloaded before import = 0
Start importing Assets/Scripts/Utils/NoiseTextureGenerator.cs using Guid(ed6362746a619f540963023e61710552) Importer(2089858483,0ecaa5967403d082aa24f35e1b516d23) Generated GUIDs only implemented for interfaces!
 -> (artifact id: 'b02c93e6bc8ca56c64a30dd6ce71443d') in 0.010106 seconds 
Number of asset objects unloaded after import = 0
========================================================================
Received Import Request.
  Time since last request: 0.000013 seconds.
  path: Assets/Resources/VolumeContainer.prefab
  artifactKey: Guid(f6b1aee4487240b479e35fd92cb07c95) Importer(2089858483,0ecaa5967403d082aa24f35e1b516d23)
Number of updated assets reloaded before import = 0
Start importing Assets/Resources/VolumeContainer.prefab using Guid(f6b1aee4487240b479e35fd92cb07c95) Importer(2089858483,0ecaa5967403d082aa24f35e1b516d23) Generated GUIDs only implemented for interfaces!
 -> (artifact id: '76df003b7236ec8c5daefc9748eea3cf') in 0.008901 seconds 
Number of asset objects unloaded after import = 6
========================================================================
Received Import Request.
  Time since last request: 0.000012 seconds.
  path: Assets/Scripts/VolumeObject/VolumeObjectFactory.cs
  artifactKey: Guid(6b116dd3827f30444b1fee36feceb17d) Importer(2089858483,0ecaa5967403d082aa24f35e1b516d23)
Number of updated assets reloaded before import = 0
Start importing Assets/Scripts/VolumeObject/VolumeObjectFactory.cs using Guid(6b116dd3827f30444b1fee36feceb17d) Importer(2089858483,0ecaa5967403d082aa24f35e1b516d23) Generated GUIDs only implemented for interfaces!
 -> (artifact id: 'ede3d960c275bf9496beef88073b09df') in 0.009161 seconds 
Number of asset objects unloaded after import = 0
========================================================================
Received Import Request.
  Time since last request: 0.000015 seconds.
  path: Assets/3rdparty/openDicom/Encoding/FL.cs
  artifactKey: Guid(8e1a30329749e3541833668b1e99e787) Importer(2089858483,0ecaa5967403d082aa24f35e1b516d23)
Number of updated assets reloaded before import = 0
Start importing Assets/3rdparty/openDicom/Encoding/FL.cs using Guid(8e1a30329749e3541833668b1e99e787) Importer(2089858483,0ecaa5967403d082aa24f35e1b516d23) Generated GUIDs only implemented for interfaces!
 -> (artifact id: 'dcb3ac31b5e35a17c70a31e30963e855') in 0.006757 seconds 
Number of asset objects unloaded after import = 0
========================================================================
Received Import Request.
  Time since last request: 0.000013 seconds.
  path: Assets/3rdparty/openDicom/DicomContext.cs
  artifactKey: Guid(13857bdff151a2d4fb3751ea274d7fb4) Importer(2089858483,0ecaa5967403d082aa24f35e1b516d23)
Number of updated assets reloaded before import = 0
Start importing Assets/3rdparty/openDicom/DicomContext.cs using Guid(13857bdff151a2d4fb3751ea274d7fb4) Importer(2089858483,0ecaa5967403d082aa24f35e1b516d23) Generated GUIDs only implemented for interfaces!
 -> (artifact id: 'afcdfb0b7f79708177d3986651f9017d') in 0.007084 seconds 
Number of asset objects unloaded after import = 0
========================================================================
Received Import Request.
  Time since last request: 0.000013 seconds.
  path: Assets/Resources/dicom-uids-2007.dic.bytes
  artifactKey: Guid(53bd64257ce5dc444ba9bc04d58de1e7) Importer(2089858483,0ecaa5967403d082aa24f35e1b516d23)
Number of updated assets reloaded before import = 0
Start importing Assets/Resources/dicom-uids-2007.dic.bytes using Guid(53bd64257ce5dc444ba9bc04d58de1e7) Importer(2089858483,0ecaa5967403d082aa24f35e1b516d23) Generated GUIDs only implemented for interfaces!
 -> (artifact id: '0957ba0ff391c92c890bdcba11d98741') in 0.006563 seconds 
Number of asset objects unloaded after import = 1
========================================================================
Received Import Request.
  Time since last request: 0.000012 seconds.
  path: Assets/Editor/RAWDatasetImporterEditorWIndow.cs
  artifactKey: Guid(a6938a09f67b77c4b9e832cf63203399) Importer(2089858483,0ecaa5967403d082aa24f35e1b516d23)
Number of updated assets reloaded before import = 0
Start importing Assets/Editor/RAWDatasetImporterEditorWIndow.cs using Guid(a6938a09f67b77c4b9e832cf63203399) Importer(2089858483,0ecaa5967403d082aa24f35e1b516d23) Generated GUIDs only implemented for interfaces!
 -> (artifact id: 'fada2fca93ff0c6aa0d2ebd8c87eb37e') in 0.008634 seconds 
Number of asset objects unloaded after import = 0
========================================================================
Received Import Request.
  Time since last request: 0.000015 seconds.
  path: Assets/Textures/CrossSectionPlaneTexture.png
  artifactKey: Guid(dd8e5417cf6e38d40b0c31c547f985ac) Importer(2089858483,0ecaa5967403d082aa24f35e1b516d23)
Number of updated assets reloaded before import = 0
Start importing Assets/Textures/CrossSectionPlaneTexture.png using Guid(dd8e5417cf6e38d40b0c31c547f985ac) Importer(2089858483,0ecaa5967403d082aa24f35e1b516d23) Generated GUIDs only implemented for interfaces!
 -> (artifact id: 'b1f241630ff837e9ba417c4e6d711e47') in 0.052184 seconds 
Number of asset objects unloaded after import = 1
========================================================================
Received Import Request.
  Time since last request: 0.000012 seconds.
  path: Assets/Editor/EditorDatasetImporter.cs
  artifactKey: Guid(ac8d63b38b94eaa41a1b278199de05cd) Importer(2089858483,0ecaa5967403d082aa24f35e1b516d23)
Number of updated assets reloaded before import = 0
Start importing Assets/Editor/EditorDatasetImporter.cs using Guid(ac8d63b38b94eaa41a1b278199de05cd) Importer(2089858483,0ecaa5967403d082aa24f35e1b516d23) Generated GUIDs only implemented for interfaces!
 -> (artifact id: '23261e069d9a03f8e579c7b352064e67') in 0.008890 seconds 
Number of asset objects unloaded after import = 0
========================================================================
Received Import Request.
  Time since last request: 0.000015 seconds.
  path: Assets/3rdparty/Nifti.NET/LICENSE
  artifactKey: Guid(79558059f111dd6a8a602a6d660c1e71) Importer(2089858483,0ecaa5967403d082aa24f35e1b516d23)
Number of updated assets reloaded before import = 0
Start importing Assets/3rdparty/Nifti.NET/LICENSE using Guid(79558059f111dd6a8a602a6d660c1e71) Importer(2089858483,0ecaa5967403d082aa24f35e1b516d23) Generated GUIDs only implemented for interfaces!
 -> (artifact id: 'd908305ccba7488856a49fd0e21a0091') in 0.006422 seconds 
Number of asset objects unloaded after import = 1
========================================================================
Received Import Request.
  Time since last request: 0.000011 seconds.
  path: Assets/Editor/VolumeRendererEditorFunctions.cs
  artifactKey: Guid(3b47c51242b1c10429411c0ce01c5760) Importer(2089858483,0ecaa5967403d082aa24f35e1b516d23)
Number of updated assets reloaded before import = 0
Start importing Assets/Editor/VolumeRendererEditorFunctions.cs using Guid(3b47c51242b1c10429411c0ce01c5760) Importer(2089858483,0ecaa5967403d082aa24f35e1b516d23) Generated GUIDs only implemented for interfaces!
 -> (artifact id: 'a47771d5afb36e74063c8ce4f2e95148') in 0.007292 seconds 
Number of asset objects unloaded after import = 0
========================================================================
Received Import Request.
  Time since last request: 0.000013 seconds.
  path: Assets/Scripts/Importing/DatasetImporterUtility.cs
  artifactKey: Guid(60ca811454f45ec42bd6186bb3be50d9) Importer(2089858483,0ecaa5967403d082aa24f35e1b516d23)
Number of updated assets reloaded before import = 0
Start importing Assets/Scripts/Importing/DatasetImporterUtility.cs using Guid(60ca811454f45ec42bd6186bb3be50d9) Importer(2089858483,0ecaa5967403d082aa24f35e1b516d23) Generated GUIDs only implemented for interfaces!
 -> (artifact id: '17b88bad29091b3ca265d5da5500bf90') in 0.007334 seconds 
Number of asset objects unloaded after import = 0
========================================================================
Received Import Request.
  Time since last request: 0.000012 seconds.
  path: Assets/3rdparty/openDicom/Encoding/OF.cs
  artifactKey: Guid(5ffe85d11dd2d74438d94082bdfc1b36) Importer(2089858483,0ecaa5967403d082aa24f35e1b516d23)
Number of updated assets reloaded before import = 0
Start importing Assets/3rdparty/openDicom/Encoding/OF.cs using Guid(5ffe85d11dd2d74438d94082bdfc1b36) Importer(2089858483,0ecaa5967403d082aa24f35e1b516d23) Generated GUIDs only implemented for interfaces!
 -> (artifact id: '40895abc93a5c1cd8f408395ece2017e') in 0.007245 seconds 
Number of asset objects unloaded after import = 0
========================================================================
Received Import Request.
  Time since last request: 0.000018 seconds.
  path: Assets/3rdparty/openDicom/Encoding/OW.cs
  artifactKey: Guid(826c421649cf82543b9b0d136eb25e42) Importer(2089858483,0ecaa5967403d082aa24f35e1b516d23)
Number of updated assets reloaded before import = 0
Start importing Assets/3rdparty/openDicom/Encoding/OW.cs using Guid(826c421649cf82543b9b0d136eb25e42) Importer(2089858483,0ecaa5967403d082aa24f35e1b516d23) Generated GUIDs only implemented for interfaces!
 -> (artifact id: '31b1cc7eacefaad2d571b896f5d0d78e') in 0.007922 seconds 
Number of asset objects unloaded after import = 0
========================================================================
Received Import Request.
  Time since last request: 0.000015 seconds.
  path: Assets/3rdparty/openDicom/DataStructure/DataSet/DataSet.cs
  artifactKey: Guid(438229000968243418e1303a2f4c53e0) Importer(2089858483,0ecaa5967403d082aa24f35e1b516d23)
Number of updated assets reloaded before import = 0
Start importing Assets/3rdparty/openDicom/DataStructure/DataSet/DataSet.cs using Guid(438229000968243418e1303a2f4c53e0) Importer(2089858483,0ecaa5967403d082aa24f35e1b516d23) Generated GUIDs only implemented for interfaces!
 -> (artifact id: '8abe48e0902c85652eeb841daa6edcff') in 0.007617 seconds 
Number of asset objects unloaded after import = 0
========================================================================
Received Import Request.
  Time since last request: 0.000013 seconds.
  path: Assets/3rdparty/openDicom/Encoding/UT.cs
  artifactKey: Guid(1a2338374719d6041ac7b36820e27343) Importer(2089858483,0ecaa5967403d082aa24f35e1b516d23)
Number of updated assets reloaded before import = 0
Start importing Assets/3rdparty/openDicom/Encoding/UT.cs using Guid(1a2338374719d6041ac7b36820e27343) Importer(2089858483,0ecaa5967403d082aa24f35e1b516d23) Generated GUIDs only implemented for interfaces!
 -> (artifact id: '765e9c439935881540ad2c3fd3c69ed4') in 0.007716 seconds 
Number of asset objects unloaded after import = 0
========================================================================
Received Import Request.
  Time since last request: 0.000016 seconds.
  path: Assets/3rdparty/openDicom/Image/PixelData.cs
  artifactKey: Guid(7abfaa9b89fbb104f986c6f2ac5f4adc) Importer(2089858483,0ecaa5967403d082aa24f35e1b516d23)
Number of updated assets reloaded before import = 0
Start importing Assets/3rdparty/openDicom/Image/PixelData.cs using Guid(7abfaa9b89fbb104f986c6f2ac5f4adc) Importer(2089858483,0ecaa5967403d082aa24f35e1b516d23) Generated GUIDs only implemented for interfaces!
 -> (artifact id: 'f019b598c1c3591e9bca89ca43316e07') in 0.007084 seconds 
Number of asset objects unloaded after import = 0
========================================================================
Received Import Request.
  Time since last request: 0.000015 seconds.
  path: Assets/3rdparty/openDicom/Registry/UidDictionaryEntry.cs
  artifactKey: Guid(ef98420b6cf7563458a479b3ece76489) Importer(2089858483,0ecaa5967403d082aa24f35e1b516d23)
Number of updated assets reloaded before import = 0
Start importing Assets/3rdparty/openDicom/Registry/UidDictionaryEntry.cs using Guid(ef98420b6cf7563458a479b3ece76489) Importer(2089858483,0ecaa5967403d082aa24f35e1b516d23) Generated GUIDs only implemented for interfaces!
 -> (artifact id: 'c70c42165438a3d87d93170829dc6939') in 0.008372 seconds 
Number of asset objects unloaded after import = 0
========================================================================
Received Import Request.
  Time since last request: 0.000020 seconds.
  path: Assets/3rdparty/openDicom/Encoding/LT.cs
  artifactKey: Guid(c8e0090f28496914ba744fc41525b166) Importer(2089858483,0ecaa5967403d082aa24f35e1b516d23)
Number of updated assets reloaded before import = 0
Start importing Assets/3rdparty/openDicom/Encoding/LT.cs using Guid(c8e0090f28496914ba744fc41525b166) Importer(2089858483,0ecaa5967403d082aa24f35e1b516d23) Generated GUIDs only implemented for interfaces!
 -> (artifact id: 'fa6c84230e17817d1b3a4074b67cbf91') in 0.007436 seconds 
Number of asset objects unloaded after import = 0
========================================================================
Received Import Request.
  Time since last request: 0.000012 seconds.
  path: Assets/Scripts/GUI/Components/EditVolumeGUI.cs
  artifactKey: Guid(1509b180ca796504ea35af3c3509dac6) Importer(2089858483,0ecaa5967403d082aa24f35e1b516d23)
Number of updated assets reloaded before import = 0
Start importing Assets/Scripts/GUI/Components/EditVolumeGUI.cs using Guid(1509b180ca796504ea35af3c3509dac6) Importer(2089858483,0ecaa5967403d082aa24f35e1b516d23) Generated GUIDs only implemented for interfaces!
 -> (artifact id: '3cbb1ceb9aac782f531ea3f554070fee') in 0.006892 seconds 
Number of asset objects unloaded after import = 0
========================================================================
Received Import Request.
  Time since last request: 0.000012 seconds.
  path: Assets/3rdparty/openDicom/Encoding/Type/Age.cs
  artifactKey: Guid(167252f8385321f4194dbd855dee6988) Importer(2089858483,0ecaa5967403d082aa24f35e1b516d23)
Number of updated assets reloaded before import = 0
Start importing Assets/3rdparty/openDicom/Encoding/Type/Age.cs using Guid(167252f8385321f4194dbd855dee6988) Importer(2089858483,0ecaa5967403d082aa24f35e1b516d23) Generated GUIDs only implemented for interfaces!
 -> (artifact id: '62156b650b2015a02a8614b233fb96a5') in 0.007082 seconds 
Number of asset objects unloaded after import = 0
========================================================================
Received Import Request.
  Time since last request: 0.000011 seconds.
  path: Assets/3rdparty/openDicom/DataStructure/DataSet/DataElement.cs
  artifactKey: Guid(7eb3f7d1d9408b2448a35f5825038d19) Importer(2089858483,0ecaa5967403d082aa24f35e1b516d23)
Number of updated assets reloaded before import = 0
Start importing Assets/3rdparty/openDicom/DataStructure/DataSet/DataElement.cs using Guid(7eb3f7d1d9408b2448a35f5825038d19) Importer(2089858483,0ecaa5967403d082aa24f35e1b516d23) Generated GUIDs only implemented for interfaces!
 -> (artifact id: 'c64ab8a502fa1f38b33d9a407550f541') in 0.007790 seconds 
Number of asset objects unloaded after import = 0
========================================================================
Received Import Request.
  Time since last request: 0.000019 seconds.
  path: Assets/Scripts/GUI/Components/RuntimeGUI.cs
  artifactKey: Guid(803cbb09de19cba429d42abcff87982b) Importer(2089858483,0ecaa5967403d082aa24f35e1b516d23)
Number of updated assets reloaded before import = 0
Start importing Assets/Scripts/GUI/Components/RuntimeGUI.cs using Guid(803cbb09de19cba429d42abcff87982b) Importer(2089858483,0ecaa5967403d082aa24f35e1b516d23) Generated GUIDs only implemented for interfaces!
 -> (artifact id: '9318ac09f548a9cf7d3d7af11254485a') in 0.007752 seconds 
Number of asset objects unloaded after import = 0
========================================================================
Received Import Request.
  Time since last request: 0.000014 seconds.
  path: Assets/3rdparty/openDicom/Registry/VM.cs
  artifactKey: Guid(b5f03759fa1926144a4ef9a62ab02f17) Importer(2089858483,0ecaa5967403d082aa24f35e1b516d23)
Number of updated assets reloaded before import = 0
Start importing Assets/3rdparty/openDicom/Registry/VM.cs using Guid(b5f03759fa1926144a4ef9a62ab02f17) Importer(2089858483,0ecaa5967403d082aa24f35e1b516d23) Generated GUIDs only implemented for interfaces!
 -> (artifact id: 'b670582383c9d8b39a7cfa4730c536c9') in 0.006637 seconds 
Number of asset objects unloaded after import = 0
========================================================================
Received Import Request.
  Time since last request: 0.000012 seconds.
  path: Assets/3rdparty/openDicom/File/AcrNemaFile.cs
  artifactKey: Guid(7c38761e9f3eb4745b0996626a887a0b) Importer(2089858483,0ecaa5967403d082aa24f35e1b516d23)
Number of updated assets reloaded before import = 0
Start importing Assets/3rdparty/openDicom/File/AcrNemaFile.cs using Guid(7c38761e9f3eb4745b0996626a887a0b) Importer(2089858483,0ecaa5967403d082aa24f35e1b516d23) Generated GUIDs only implemented for interfaces!
 -> (artifact id: '657da9546891eeb5bfead6993d6bac59') in 0.009728 seconds 
Number of asset objects unloaded after import = 0
========================================================================
Received Import Request.
  Time since last request: 0.000015 seconds.
  path: Assets/3rdparty/openDicom/DataStructure/DataSet/NestedDataSet.cs
  artifactKey: Guid(b03b9acb6738b804190c0cb90aba6057) Importer(2089858483,0ecaa5967403d082aa24f35e1b516d23)
Number of updated assets reloaded before import = 0
Start importing Assets/3rdparty/openDicom/DataStructure/DataSet/NestedDataSet.cs using Guid(b03b9acb6738b804190c0cb90aba6057) Importer(2089858483,0ecaa5967403d082aa24f35e1b516d23) Generated GUIDs only implemented for interfaces!
 -> (artifact id: 'a39e616f51aa20774ff61ea90cb02683') in 0.006869 seconds 
Number of asset objects unloaded after import = 0
========================================================================
Received Import Request.
  Time since last request: 0.000012 seconds.
  path: Assets/3rdparty/openDicom/Encoding/SS.cs
  artifactKey: Guid(8085b3d1e325c654ca667e247baf78ae) Importer(2089858483,0ecaa5967403d082aa24f35e1b516d23)
Number of updated assets reloaded before import = 0
Start importing Assets/3rdparty/openDicom/Encoding/SS.cs using Guid(8085b3d1e325c654ca667e247baf78ae) Importer(2089858483,0ecaa5967403d082aa24f35e1b516d23) Generated GUIDs only implemented for interfaces!
 -> (artifact id: '17301a8b81945fea678ec9d8c0d359f6') in 0.008080 seconds 
Number of asset objects unloaded after import = 0
========================================================================
Received Import Request.
  Time since last request: 0.000013 seconds.
  path: Assets/Scripts/Importing/ImageFileImporter/Interface/IImageFileImporter.cs
  artifactKey: Guid(d3a3d1be37fcc3c4893fa3b9bb747e51) Importer(2089858483,0ecaa5967403d082aa24f35e1b516d23)
Number of updated assets reloaded before import = 0
Start importing Assets/Scripts/Importing/ImageFileImporter/Interface/IImageFileImporter.cs using Guid(d3a3d1be37fcc3c4893fa3b9bb747e51) Importer(2089858483,0ecaa5967403d082aa24f35e1b516d23) Generated GUIDs only implemented for interfaces!
 -> (artifact id: '8cd4fdc989211512b2471d7a084ed5b7') in 0.007459 seconds 
Number of asset objects unloaded after import = 0
========================================================================
Received Import Request.
  Time since last request: 0.000020 seconds.
  path: Assets/3rdparty/openDicom/Encoding/UI.cs
  artifactKey: Guid(bcd886c16265345428f44948d4fb74ab) Importer(2089858483,0ecaa5967403d082aa24f35e1b516d23)
Number of updated assets reloaded before import = 0
Start importing Assets/3rdparty/openDicom/Encoding/UI.cs using Guid(bcd886c16265345428f44948d4fb74ab) Importer(2089858483,0ecaa5967403d082aa24f35e1b516d23) Generated GUIDs only implemented for interfaces!
 -> (artifact id: '1b762fbb6561538a6dbed0e1fa81c15e') in 0.008986 seconds 
Number of asset objects unloaded after import = 0
========================================================================
Received Import Request.
  Time since last request: 0.000013 seconds.
  path: Assets/3rdparty/openDicom/Encoding/TM.cs
  artifactKey: Guid(bb3562f83504084469b29b962a3281e1) Importer(2089858483,0ecaa5967403d082aa24f35e1b516d23)
Number of updated assets reloaded before import = 0
Start importing Assets/3rdparty/openDicom/Encoding/TM.cs using Guid(bb3562f83504084469b29b962a3281e1) Importer(2089858483,0ecaa5967403d082aa24f35e1b516d23) Generated GUIDs only implemented for interfaces!
 -> (artifact id: '32e3d09e1b4231be1da020aef2d12f3a') in 0.009188 seconds 
Number of asset objects unloaded after import = 0
========================================================================
Received Import Request.
  Time since last request: 0.000013 seconds.
  path: Assets/Scripts/Importing/ImageSequenceImporter/OpenDICOM/DICOMImporter.cs
  artifactKey: Guid(99f5a81f49071c641b192546b71e60b5) Importer(2089858483,0ecaa5967403d082aa24f35e1b516d23)
Number of updated assets reloaded before import = 0
Start importing Assets/Scripts/Importing/ImageSequenceImporter/OpenDICOM/DICOMImporter.cs using Guid(99f5a81f49071c641b192546b71e60b5) Importer(2089858483,0ecaa5967403d082aa24f35e1b516d23) Generated GUIDs only implemented for interfaces!
 -> (artifact id: 'af595e3d017581ebd817d4a7cc32433d') in 0.007419 seconds 
Number of asset objects unloaded after import = 0
========================================================================
Received Import Request.
  Time since last request: 0.000012 seconds.
  path: Assets/3rdparty/openDicom/Encoding/OB.cs
  artifactKey: Guid(6c61ca97a52c7c04d93c550797b4feab) Importer(2089858483,0ecaa5967403d082aa24f35e1b516d23)
Number of updated assets reloaded before import = 0
Start importing Assets/3rdparty/openDicom/Encoding/OB.cs using Guid(6c61ca97a52c7c04d93c550797b4feab) Importer(2089858483,0ecaa5967403d082aa24f35e1b516d23) Generated GUIDs only implemented for interfaces!
 -> (artifact id: 'ee80df775e250da18edfd92fd5766cf3') in 0.007340 seconds 
Number of asset objects unloaded after import = 0
========================================================================
Received Import Request.
  Time since last request: 0.000014 seconds.
  path: Assets/3rdparty/openDicom/Encoding/IS.cs
  artifactKey: Guid(fe36ea7fbd4a78049ab82cee7c175a83) Importer(2089858483,0ecaa5967403d082aa24f35e1b516d23)
Number of updated assets reloaded before import = 0
Start importing Assets/3rdparty/openDicom/Encoding/IS.cs using Guid(fe36ea7fbd4a78049ab82cee7c175a83) Importer(2089858483,0ecaa5967403d082aa24f35e1b516d23) Generated GUIDs only implemented for interfaces!
 -> (artifact id: 'f9315910cdba187607c1400318ea05b3') in 0.007909 seconds 
Number of asset objects unloaded after import = 0
========================================================================
Received Import Request.
  Time since last request: 0.000012 seconds.
  path: Assets/Scripts/Importing/ImageSequenceImporter/SimpleITK/SimpleITKImageSequenceImporter.cs
  artifactKey: Guid(adbf511b47c12914e980501f59b75e55) Importer(2089858483,0ecaa5967403d082aa24f35e1b516d23)
Number of updated assets reloaded before import = 0
Start importing Assets/Scripts/Importing/ImageSequenceImporter/SimpleITK/SimpleITKImageSequenceImporter.cs using Guid(adbf511b47c12914e980501f59b75e55) Importer(2089858483,0ecaa5967403d082aa24f35e1b516d23) Generated GUIDs only implemented for interfaces!
 -> (artifact id: 'fdcc7de4c705813ba5ece544d3287dc0') in 0.006656 seconds 
Number of asset objects unloaded after import = 0
========================================================================
Received Import Request.
  Time since last request: 0.000013 seconds.
  path: Assets/Scripts/Progress/ProgressStatus.cs
  artifactKey: Guid(52e53d42595d95d42bd752f381cdcdfc) Importer(2089858483,0ecaa5967403d082aa24f35e1b516d23)
Number of updated assets reloaded before import = 0
Start importing Assets/Scripts/Progress/ProgressStatus.cs using Guid(52e53d42595d95d42bd752f381cdcdfc) Importer(2089858483,0ecaa5967403d082aa24f35e1b516d23) Generated GUIDs only implemented for interfaces!
 -> (artifact id: '7f8901d7888cc8d69272ba57ecae6a61') in 0.008144 seconds 
Number of asset objects unloaded after import = 0
========================================================================
Received Import Request.
  Time since last request: 0.000017 seconds.
  path: Assets/3rdparty/openDicom/DataStructure/Tag.cs
  artifactKey: Guid(9db85e6e9f8957a4e9d80dd028e8eec0) Importer(2089858483,0ecaa5967403d082aa24f35e1b516d23)
Number of updated assets reloaded before import = 0
Start importing Assets/3rdparty/openDicom/DataStructure/Tag.cs using Guid(9db85e6e9f8957a4e9d80dd028e8eec0) Importer(2089858483,0ecaa5967403d082aa24f35e1b516d23) Generated GUIDs only implemented for interfaces!
 -> (artifact id: '314a79a43bc8491f8abefd63472e09a3') in 0.008169 seconds 
Number of asset objects unloaded after import = 0
========================================================================
Received Import Request.
  Time since last request: 0.000014 seconds.
  path: Assets/3rdparty/openDicom/DataStructure/IDicomStreamMember.cs
  artifactKey: Guid(045d0e34fc4812c40be5dc6f0eecad2a) Importer(2089858483,0ecaa5967403d082aa24f35e1b516d23)
Number of updated assets reloaded before import = 0
Start importing Assets/3rdparty/openDicom/DataStructure/IDicomStreamMember.cs using Guid(045d0e34fc4812c40be5dc6f0eecad2a) Importer(2089858483,0ecaa5967403d082aa24f35e1b516d23) Generated GUIDs only implemented for interfaces!
 -> (artifact id: 'a33129c496386ecaa5edead019ff901f') in 0.007354 seconds 
Number of asset objects unloaded after import = 0
========================================================================
Received Import Request.
  Time since last request: 0.000013 seconds.
  path: Assets/Materials/CrossSectionPlaneMat.mat
  artifactKey: Guid(6e564749dcca6944ca78723ffd119eca) Importer(2089858483,0ecaa5967403d082aa24f35e1b516d23)
Number of updated assets reloaded before import = 0
Start importing Assets/Materials/CrossSectionPlaneMat.mat using Guid(6e564749dcca6944ca78723ffd119eca) Importer(2089858483,0ecaa5967403d082aa24f35e1b516d23) Generated GUIDs only implemented for interfaces!
 -> (artifact id: '6ad91ebe291b3a4f73504fb04a5e8c73') in 0.009004 seconds 
Number of asset objects unloaded after import = 2
========================================================================
Received Import Request.
  Time since last request: 0.000011 seconds.
  path: Assets/Editor/TransferFunctionEditorWindow.cs
  artifactKey: Guid(6bea1cf561897604ea2e430d753f593e) Importer(2089858483,0ecaa5967403d082aa24f35e1b516d23)
Number of updated assets reloaded before import = 0
Start importing Assets/Editor/TransferFunctionEditorWindow.cs using Guid(6bea1cf561897604ea2e430d753f593e) Importer(2089858483,0ecaa5967403d082aa24f35e1b516d23) Generated GUIDs only implemented for interfaces!
 -> (artifact id: '8a2718c3f5b820bcc332d00a665bfc81') in 0.007102 seconds 
Number of asset objects unloaded after import = 0
========================================================================
Received Import Request.
  Time since last request: 0.000013 seconds.
  path: Assets/Editor/ValueRangeEditorWindow.cs
  artifactKey: Guid(ee118a9cb00018d46820f9246a25e3d8) Importer(2089858483,0ecaa5967403d082aa24f35e1b516d23)
Number of updated assets reloaded before import = 0
Start importing Assets/Editor/ValueRangeEditorWindow.cs using Guid(ee118a9cb00018d46820f9246a25e3d8) Importer(2089858483,0ecaa5967403d082aa24f35e1b516d23) Generated GUIDs only implemented for interfaces!
 -> (artifact id: '77367bafe81e2edeee698e5f4386566b') in 0.007607 seconds 
Number of asset objects unloaded after import = 0
========================================================================
Received Import Request.
  Time since last request: 0.000013 seconds.
  path: Assets/3rdparty/openDicom/Encoding/US.cs
  artifactKey: Guid(6253dbbf62df1494ca85b42d04d1d7b0) Importer(2089858483,0ecaa5967403d082aa24f35e1b516d23)
Number of updated assets reloaded before import = 0
Start importing Assets/3rdparty/openDicom/Encoding/US.cs using Guid(6253dbbf62df1494ca85b42d04d1d7b0) Importer(2089858483,0ecaa5967403d082aa24f35e1b516d23) Generated GUIDs only implemented for interfaces!
 -> (artifact id: 'fe631a2d974735bf295fb7a26a7b403a') in 0.008494 seconds 
Number of asset objects unloaded after import = 0
========================================================================
Received Import Request.
  Time since last request: 0.000011 seconds.
  path: Assets/Scripts/VolumeData/VolumeDataset.cs
  artifactKey: Guid(6c292ee2920c4d64989a78d4ed9abb7e) Importer(2089858483,0ecaa5967403d082aa24f35e1b516d23)
Number of updated assets reloaded before import = 0
Start importing Assets/Scripts/VolumeData/VolumeDataset.cs using Guid(6c292ee2920c4d64989a78d4ed9abb7e) Importer(2089858483,0ecaa5967403d082aa24f35e1b516d23) Generated GUIDs only implemented for interfaces!
 -> (artifact id: 'b788269983b08dc1c77f68e0c38d7f73') in 0.007316 seconds 
Number of asset objects unloaded after import = 0
========================================================================
Received Import Request.
  Time since last request: 0.000013 seconds.
  path: Assets/Shaders/DirectVolumeRenderingShader.shader
  artifactKey: Guid(f9df7f8cb5dda3a48a945ab37d6b0d83) Importer(2089858483,0ecaa5967403d082aa24f35e1b516d23)
Number of updated assets reloaded before import = 0
Start importing Assets/Shaders/DirectVolumeRenderingShader.shader using Guid(f9df7f8cb5dda3a48a945ab37d6b0d83) Importer(2089858483,0ecaa5967403d082aa24f35e1b516d23) Generated GUIDs only implemented for interfaces!
 -> (artifact id: '51f5019bc21efe72eccaacd12ff41ac2') in 0.008437 seconds 
Number of asset objects unloaded after import = 1
========================================================================
Received Import Request.
  Time since last request: 0.000014 seconds.
  path: Assets/Resources/CrossSectionPlane.prefab
  artifactKey: Guid(671499143f6b4e24ab0822e1462a78aa) Importer(2089858483,0ecaa5967403d082aa24f35e1b516d23)
Number of updated assets reloaded before import = 0
Start importing Assets/Resources/CrossSectionPlane.prefab using Guid(671499143f6b4e24ab0822e1462a78aa) Importer(2089858483,0ecaa5967403d082aa24f35e1b516d23) Generated GUIDs only implemented for interfaces!
 -> (artifact id: 'a9d80e7d3527dd2c7b32452d48fe05b9') in 0.011048 seconds 
Number of asset objects unloaded after import = 7
========================================================================
Received Import Request.
  Time since last request: 0.000024 seconds.
  path: Assets/Scripts/Importing/ImageFileImporter/Nifti.NET/NiftiImporter.cs
  artifactKey: Guid(4d412d1b6da99fff48649902229c8d07) Importer(2089858483,0ecaa5967403d082aa24f35e1b516d23)
Number of updated assets reloaded before import = 0
Start importing Assets/Scripts/Importing/ImageFileImporter/Nifti.NET/NiftiImporter.cs using Guid(4d412d1b6da99fff48649902229c8d07) Importer(2089858483,0ecaa5967403d082aa24f35e1b516d23) Generated GUIDs only implemented for interfaces!
 -> (artifact id: 'b4e94a727d01deed714e8859f11338cd') in 0.008132 seconds 
Number of asset objects unloaded after import = 0
========================================================================
Received Import Request.
  Time since last request: 0.000011 seconds.
  path: Assets/Materials/SliceRenderingMaterial.mat
  artifactKey: Guid(445fc0932bb5aab4b94f7548208708e1) Importer(2089858483,0ecaa5967403d082aa24f35e1b516d23)
Number of updated assets reloaded before import = 0
Start importing Assets/Materials/SliceRenderingMaterial.mat using Guid(445fc0932bb5aab4b94f7548208708e1) Importer(2089858483,0ecaa5967403d082aa24f35e1b516d23) Generated GUIDs only implemented for interfaces!
 -> (artifact id: '91ef892317de3975b0eaa8b518c285e1') in 0.008151 seconds 
Number of asset objects unloaded after import = 1
========================================================================
Received Import Request.
  Time since last request: 0.000013 seconds.
  path: Assets/3rdparty/openDicom/Encoding/Type/PersonName.cs
  artifactKey: Guid(42242acb489f3c24298d10cee77a0386) Importer(2089858483,0ecaa5967403d082aa24f35e1b516d23)
Number of updated assets reloaded before import = 0
Start importing Assets/3rdparty/openDicom/Encoding/Type/PersonName.cs using Guid(42242acb489f3c24298d10cee77a0386) Importer(2089858483,0ecaa5967403d082aa24f35e1b516d23) Generated GUIDs only implemented for interfaces!
 -> (artifact id: '1560daa73bd66e69912a2f80cbfcde24') in 0.007031 seconds 
Number of asset objects unloaded after import = 0
========================================================================
Received Import Request.
  Time since last request: 0.000013 seconds.
  path: Assets/Scripts/Importing/RawImporter/RawDatasetImporter.cs
  artifactKey: Guid(45cd99ee9f504d44ca6d48b0d06a6423) Importer(2089858483,0ecaa5967403d082aa24f35e1b516d23)
Number of updated assets reloaded before import = 0
Start importing Assets/Scripts/Importing/RawImporter/RawDatasetImporter.cs using Guid(45cd99ee9f504d44ca6d48b0d06a6423) Importer(2089858483,0ecaa5967403d082aa24f35e1b516d23) Generated GUIDs only implemented for interfaces!
 -> (artifact id: 'c09a6e2f2f5a846e28db902bec2a2cdb') in 0.007730 seconds 
Number of asset objects unloaded after import = 0
========================================================================
Received Import Request.
  Time since last request: 0.000014 seconds.
  path: Assets/Scripts/Importing/Ini/DatasetIniReader.cs
  artifactKey: Guid(198aff5eae8fe99438064c08728f6794) Importer(2089858483,0ecaa5967403d082aa24f35e1b516d23)
Number of updated assets reloaded before import = 0
Start importing Assets/Scripts/Importing/Ini/DatasetIniReader.cs using Guid(198aff5eae8fe99438064c08728f6794) Importer(2089858483,0ecaa5967403d082aa24f35e1b516d23) Generated GUIDs only implemented for interfaces!
 -> (artifact id: 'ffd66637eeb74c46ae0f49a0651d14a7') in 0.007223 seconds 
Number of asset objects unloaded after import = 0
========================================================================
Received Import Request.
  Time since last request: 0.000015 seconds.
  path: Assets/Scripts/GUI/Components/RuntimeTransferFunctionEditor.cs
  artifactKey: Guid(05f581cf1454d0be6b36abae59693162) Importer(2089858483,0ecaa5967403d082aa24f35e1b516d23)
Number of updated assets reloaded before import = 0
Start importing Assets/Scripts/GUI/Components/RuntimeTransferFunctionEditor.cs using Guid(05f581cf1454d0be6b36abae59693162) Importer(2089858483,0ecaa5967403d082aa24f35e1b516d23) Generated GUIDs only implemented for interfaces!
 -> (artifact id: '7a9b4f28bde2a70ba214b5fc6b57f758') in 0.008950 seconds 
Number of asset objects unloaded after import = 0
========================================================================
Received Import Request.
  Time since last request: 0.000014 seconds.
  path: Assets/Scripts/Lighting/LightSource.cs
  artifactKey: Guid(c9bd811fe872275a4bb14b907b08a56d) Importer(2089858483,0ecaa5967403d082aa24f35e1b516d23)
Number of updated assets reloaded before import = 0
Start importing Assets/Scripts/Lighting/LightSource.cs using Guid(c9bd811fe872275a4bb14b907b08a56d) Importer(2089858483,0ecaa5967403d082aa24f35e1b516d23) Generated GUIDs only implemented for interfaces!
 -> (artifact id: '4663b35c0bc88429b1a811e95e522f67') in 0.006251 seconds 
Number of asset objects unloaded after import = 0
========================================================================
Received Import Request.
  Time since last request: 0.000013 seconds.
  path: Assets/Editor/CrossSectionPlaneEditorWindow.cs
  artifactKey: Guid(65c90ba65e3f5f1428066ae352ebb5b5) Importer(2089858483,0ecaa5967403d082aa24f35e1b516d23)
Number of updated assets reloaded before import = 0
Start importing Assets/Editor/CrossSectionPlaneEditorWindow.cs using Guid(65c90ba65e3f5f1428066ae352ebb5b5) Importer(2089858483,0ecaa5967403d082aa24f35e1b516d23) Generated GUIDs only implemented for interfaces!
 -> (artifact id: '91bf5f54e59f572c32fb20aa19e8b537') in 0.007309 seconds 
Number of asset objects unloaded after import = 0
========================================================================
Received Prepare
Refreshing native plugins compatible for Editor in 0.79 ms, found 0 plugins.
Preloading 0 native plugins for Editor in 0.00 ms.
Unloading 1 Unused Serialized files (Serialized files now loaded: 0)
Unloading 64 unused Assets / (75.2 KB). Loaded Objects now: 978.
Memory consumption went from 45.5 MB to 45.4 MB.
Total: 2.165800 ms (FindLiveObjects: 0.066900 ms CreateObjectMapping: 0.014500 ms MarkObjects: 2.017500 ms  DeleteObjects: 0.059300 ms)

AssetImportParameters requested are different than current active one (requested -> active):
  custom:video-encoder-webm-vp8: eb34c28f22e8b96e1ab97ce403110664 -> 
  custom:video-decoder-webm-vp8: 9c59270c3fd7afecdb556c50c9e8de78 -> 
  custom:audio-decoder-ogg-vorbis: bf7c407c2cedff20999df2af8eb42d56 -> 
  custom:video-decoder-ogg-theora: a1e56fd34408186e4bbccfd4996cb3dc -> 
  custom:audio-encoder-webm-vorbis: bf7c407c2cedff20999df2af8eb42d56 -> 
  custom:SearchIndexIgnoredProperties: e643bd26f0fe6173181afceb89e7c659 -> 
  custom:container-demuxer-ogg: 62fdf1f143b41e24485cea50d1cbac27 -> 
  custom:AudioImporter_EditorPlatform: d09bf68614088b80899f8185d706f6e7 -> 
  custom:framework-win-MediaFoundation: 216162199b28c13a410421893ffa2e32 -> 
  custom:container-demuxer-webm: 4f35f7cbe854078d1ac9338744f61a02 -> 
  custom:container-muxer-webm: aa71ff27fc2769a1b78a27578f13a17b -> 
========================================================================
Received Prepare
Begin MonoManager ReloadAssembly
- Loaded All Assemblies, in  0.440 seconds
Refreshing native plugins compatible for Editor in 0.77 ms, found 0 plugins.
Native extension for WindowsStandalone target not found
Native extension for Android target not found
Mono: successfully reloaded assembly
- Finished resetting the current domain, in  0.423 seconds
Domain Reload Profiling:
	ReloadAssembly (285ms)
		BeginReloadAssembly (197ms)
			ExecutionOrderSort (0ms)
			DisableScriptedObjects (4ms)
			BackupInstance (0ms)
			ReleaseScriptingObjects (0ms)
			CreateAndSetChildDomain (27ms)
		LoadAllAssembliesAndSetupDomain (149ms)
			LoadAssemblies (141ms)
			RebuildTransferFunctionScriptingTraits (0ms)
			SetupTypeCache (124ms)
				TypeCache.Initialize (111ms)
					TypeCache.ScanAssembly (109ms)
				ResolveRequiredComponents (0ms)
		FinalizeReload (0ms)
			ReleaseScriptCaches (0ms)
			RebuildScriptCaches (0ms)
			SetupLoadedEditorAssemblies (255ms)
				LogAssemblyErrors (0ms)
				InitializePlatformSupportModulesInManaged (32ms)
				SetLoadedEditorAssemblies (3ms)
				RefreshPlugins (0ms)
				BeforeProcessingInitializeOnLoad (71ms)
				ProcessInitializeOnLoadAttributes (105ms)
				ProcessInitializeOnLoadMethodAttributes (15ms)
				AfterProcessingInitializeOnLoad (28ms)
				EditorAssembliesLoaded (0ms)
			ExecutionOrderSort2 (0ms)
			AwakeInstancesAfterBackupRestoration (6ms)
Refreshing native plugins compatible for Editor in 0.70 ms, found 0 plugins.
Preloading 0 native plugins for Editor in 0.00 ms.
Unloading 495 Unused Serialized files (Serialized files now loaded: 0)
Unloading 7 unused Assets / (105.6 KB). Loaded Objects now: 989.
Memory consumption went from 112.5 MB to 112.4 MB.
Total: 1.570800 ms (FindLiveObjects: 0.052100 ms CreateObjectMapping: 0.011100 ms MarkObjects: 1.475400 ms  DeleteObjects: 0.031500 ms)

AssetImportParameters requested are different than current active one (requested -> active):
  custom:video-encoder-webm-vp8: eb34c28f22e8b96e1ab97ce403110664 -> 
  custom:video-decoder-webm-vp8: 9c59270c3fd7afecdb556c50c9e8de78 -> 
  custom:audio-decoder-ogg-vorbis: bf7c407c2cedff20999df2af8eb42d56 -> 
  custom:video-decoder-ogg-theora: a1e56fd34408186e4bbccfd4996cb3dc -> 
  custom:audio-encoder-webm-vorbis: bf7c407c2cedff20999df2af8eb42d56 -> 
  custom:SearchIndexIgnoredProperties: e643bd26f0fe6173181afceb89e7c659 -> 
  custom:container-demuxer-ogg: 62fdf1f143b41e24485cea50d1cbac27 -> 
  custom:AudioImporter_EditorPlatform: d09bf68614088b80899f8185d706f6e7 -> 
  custom:framework-win-MediaFoundation: 216162199b28c13a410421893ffa2e32 -> 
  custom:container-demuxer-webm: 4f35f7cbe854078d1ac9338744f61a02 -> 
  custom:container-muxer-webm: aa71ff27fc2769a1b78a27578f13a17b -> 
Editor requested this worker to shutdown with reason: Scaling down because of idle timeout
TcpMessagingSession - receive error: operation aborted. errorcode: 995, details: ߳˳Ӧóֹ I/O 
AssetImportWorker is now disconnected from the server
Process exiting
Exiting without the bug reporter. Application will terminate with return code 0